Removed Pin From Net: NetName=BAT Pin=C3-1
Removed Pin From Net: NetName=NetC3_1 Pin=C3-2
Removed Pin From Net: NetName=BAT Pin=C4-1
Removed Pin From Net: NetName=GND Pin=C4-2
Removed Pin From Net: NetName=GND Pin=C6-1
Removed Pin From Net: NetName=5V Pin=C6-2
Removed Pin From Net: NetName=GND Pin=C10-1
Removed Pin From Net: NetName=+15V Pin=C10-1
Removed Pin From Net: NetName=GND Pin=C11-1
Removed Pin From Net: NetName=5V Pin=C11-1
Removed Pin From Net: NetName=HC Pin=C14-1
Removed Pin From Net: NetName=GND Pin=C14-2
Removed Pin From Net: NetName=BAT Pin=C15-1
Removed Pin From Net: NetName=NetC3_1 Pin=C15-2
Removed Pin From Net: NetName=HB Pin=C16-1
Removed Pin From Net: NetName=GND Pin=C16-2
Removed Pin From Net: NetName=HA Pin=C19-1
Removed Pin From Net: NetName=GND Pin=C19-2
Removed Pin From Net: NetName=BAT Pin=C22-1
Removed Pin From Net: NetName=NetC3_1 Pin=C22-2
Removed Pin From Net: NetName=GND Pin=C25-1
Removed Pin From Net: NetName=IOCP Pin=C25-2
Removed Pin From Net: NetName=U Pin=J3-1
Removed Pin From Net: NetName=V Pin=J3-2
Removed Pin From Net: NetName=W Pin=J3-3
Removed Pin From Net: NetName=W Pin=R15-1
Removed Pin From Net: NetName=HC Pin=R15-2
Removed Pin From Net: NetName=GND Pin=R18-1
Removed Pin From Net: NetName=HC Pin=R18-2
Removed Pin From Net: NetName=HC Pin=R20-2
Removed Pin From Net: NetName=BAT Pin=R23-1
Removed Pin From Net: NetName=GND Pin=R25-1
Removed Pin From Net: NetName=HB Pin=R25-2
Removed Pin From Net: NetName=U Pin=R28-1
Removed Pin From Net: NetName=HA Pin=R28-2
Removed Pin From Net: NetName=GND Pin=R31-1
Removed Pin From Net: NetName=HA Pin=R31-2
Removed Pin From Net: NetName=HA Pin=R32-2
Removed Pin From Net: NetName=IOCP Pin=R38-1
Removed Pin From Net: NetName=NetC3_1 Pin=R38-2
Removed Pin From Net: NetName=GND Pin=R39-1
Removed Pin From Net: NetName=NetC3_1 Pin=R39-2
Removed Pin From Net: NetName=GND Pin=R40-1
Removed Pin From Net: NetName=NetC3_1 Pin=R40-2
Removed Pin From Net: NetName=VSP Pin=R42-1
Removed Pin From Net: NetName=NetC27_2 Pin=R42-2
Removed Pin From Net: NetName=NetC27_2 Pin=R43-1
Removed Pin From Net: NetName=NetQ7_1 Pin=R45-1
Removed Pin From Net: NetName=GND Pin=Rt1-1
Removed Pin From Net: NetName=NetC8_2 Pin=Rt1-2
Change Component Comment : Designator=R39 Old Comment=0.01R New Comment=0.01
Change Component Comment : Designator=R40 Old Comment=0.01R New Comment=0.01
Change Component Comment : Designator=R23 Old Comment=0R New Comment=0
Change Component Comment : Designator=R43 Old Comment=0R New Comment=0
Change Component Comment : Designator=R38 Old Comment=1K/1% New Comment=1K 1%
Change Component Comment : Designator=D4 Old Comment=1N4148 New Comment=15V
Change Component Comment : Designator=R18 Old Comment=2K New Comment=2K 1%
Change Component Comment : Designator=R25 Old Comment=2K New Comment=2K 1%
Change Component Comment : Designator=R31 Old Comment=2K New Comment=2K 1%
Change Component Comment : Designator=J3 Old Comment=3-phase BLDC New Comment=BLDC motor(1)
Change Component Comment : Designator=R45 Old Comment=4.7K New Comment=470
Change Component Comment : Designator=C3 Old Comment=4.7uF/25V New Comment=0.1uF/50V
Change Component Comment : Designator=C15 Old Comment=4.7uF/25V New Comment=0.1uF/50V
Change Component Comment : Designator=C22 Old Comment=4.7uF/25V New Comment=0.1uF/50V
Change Component Comment : Designator=C4 Old Comment=4.7uF/25V New Comment=0.1uF
Change Component Comment : Designator=C2 Old Comment=4.7uF/25V New Comment=4.7uF
Change Component Comment : Designator=C13 Old Comment=4.7uF/25V New Comment=4.7uF
Change Component Comment : Designator=C18 Old Comment=4.7uF/25V New Comment=4.7uF
Change Component Comment : Designator=C10 Old Comment=6.3V220uF New Comment=100uF
Change Component Comment : Designator=C11 Old Comment=6.3V220uF New Comment=220uF
Change Component Comment : Designator=R20 Old Comment=10K/1% New Comment=10K 1%
Change Component Comment : Designator=R26 Old Comment=10K/1% New Comment=10K 1%
Change Component Comment : Designator=R32 Old Comment=10K/1% New Comment=10K 1%
Change Component Comment : Designator=R15 Old Comment=22K New Comment=15K 1%
Change Component Comment : Designator=R24 Old Comment=22K New Comment=15K 1%
Change Component Comment : Designator=R28 Old Comment=22K New Comment=15K 1%
Change Component Comment : Designator=R1 Old Comment=33R New Comment=22
Change Component Comment : Designator=R4 Old Comment=33R New Comment=22
Change Component Comment : Designator=R9 Old Comment=33R New Comment=22
Change Component Comment : Designator=R13 Old Comment=33R New Comment=22
Change Component Comment : Designator=R17 Old Comment=33R New Comment=22
Change Component Comment : Designator=R21 Old Comment=33R New Comment=22
Change Component Comment : Designator=R29 Old Comment=33R New Comment=22
Change Component Comment : Designator=R34 Old Comment=33R New Comment=22
Change Component Comment : Designator=R36 Old Comment=33R New Comment=22
Change Component Comment : Designator=Q1 Old Comment=75NF75 New Comment=P0706BD
Change Component Comment : Designator=Q2 Old Comment=75NF75 New Comment=P0706BD
Change Component Comment : Designator=Q3 Old Comment=75NF75 New Comment=P0706BD
Change Component Comment : Designator=Q4 Old Comment=75NF75 New Comment=P0706BD
Change Component Comment : Designator=Q5 Old Comment=75NF75 New Comment=P0706BD
Change Component Comment : Designator=Q6 Old Comment=75NF75 New Comment=P0706BD
Change Component Comment : Designator=C5 Old Comment=104 New Comment=0.1uF
Change Component Comment : Designator=C6 Old Comment=104 New Comment=0.1uF
Change Component Comment : Designator=C7 Old Comment=104 New Comment=0.1uF
Change Component Comment : Designator=C8 Old Comment=104 New Comment=0.1uF
Change Component Comment : Designator=C20 Old Comment=104 New Comment=0.1uF
Change Component Comment : Designator=C21 Old Comment=104 New Comment=0.1uF
Change Component Comment : Designator=C23 Old Comment=104 New Comment=0.1uF
Change Component Comment : Designator=C25 Old Comment=104 New Comment=0.1uF
Change Component Comment : Designator=C1 Old Comment=104/25V New Comment=0.1uF
Change Component Comment : Designator=C12 Old Comment=104/25V New Comment=0.1uF
Change Component Comment : Designator=C17 Old Comment=104/25V New Comment=0.1uF
Change Component Comment : Designator=C26 Old Comment=105 New Comment=1uF
Change Component Comment : Designator=C27 Old Comment=105 New Comment=1uF
Change Component Comment : Designator=C14 Old Comment=224 New Comment=0.1uF
Change Component Comment : Designator=C16 Old Comment=224 New Comment=0.1uF
Change Component Comment : Designator=C19 Old Comment=224 New Comment=0.1uF
Change Component Comment : Designator=R8 Old Comment=240R New Comment=240
Change Component Comment : Designator=C9 Old Comment=470uF/50V New Comment=470uF
Change Component Comment : Designator=J4 Old Comment=BEMF_2.54mm New Comment=CON5
Change Component Comment : Designator=J1 Old Comment=CON1 New Comment=BAT
Change Component Comment : Designator=J2 Old Comment=CON1 New Comment=GND
Change Component Comment : Designator=J9 Old Comment=Control port New Comment=CON3
Change Component Comment : Designator=U2 Old Comment=IR2101/SOP-8 New Comment=IR2101
Change Component Comment : Designator=U4 Old Comment=IR2101/SOP-8 New Comment=IR2101
Change Component Comment : Designator=U6 Old Comment=IR2101/SOP-8 New Comment=IR2101
Change Component Comment : Designator=Q8 Old Comment=LM317/TO-252 New Comment=P0706BD
Change Component Comment : Designator=J6 Old Comment=Obsever pin New Comment=CON3
Change Component Comment : Designator=J8 Old Comment=OCDS New Comment=CON4
Added Pin To Net: NetName=NetC3_1 Pin=C3-1
Added Pin To Net: NetName=BAT Pin=C3-2
Added Pin To Net: NetName=GND Pin=C4-1
Added Pin To Net: NetName=BAT Pin=C4-2
Added Pin To Net: NetName=5V Pin=C6-1
Added Pin To Net: NetName=GND Pin=C6-2
Added Pin To Net: NetName=GND Pin=C14-1
Added Pin To Net: NetName=HA Pin=C14-2
Added Pin To Net: NetName=NetC3_1 Pin=C15-1
Added Pin To Net: NetName=BAT Pin=C15-2
Added Pin To Net: NetName=GND Pin=C16-1
Added Pin To Net: NetName=HB Pin=C16-2
Added Pin To Net: NetName=GND Pin=C19-1
Added Pin To Net: NetName=HC Pin=C19-2
Added Pin To Net: NetName=NetC3_1 Pin=C22-1
Added Pin To Net: NetName=BAT Pin=C22-2
Added Pin To Net: NetName=IOCP Pin=C25-1
Added Pin To Net: NetName=GND Pin=C25-2
Added Pin To Net: NetName=NetC2_1 Pin=Q1-1
Added Pin To Net: NetName=NetC13_1 Pin=Q3-1
Added Pin To Net: NetName=NetC18_1 Pin=Q5-1
Added Pin To Net: NetName=NetC2_1 Pin=R2-2
Added Pin To Net: NetName=NetC2_1 Pin=R4-2
Added Pin To Net: NetName=NetC13_1 Pin=R14-2
Added Pin To Net: NetName=U Pin=R15-1
Added Pin To Net: NetName=HA Pin=R15-2
Added Pin To Net: NetName=NetC13_1 Pin=R17-2
Added Pin To Net: NetName=HA Pin=R18-1
Added Pin To Net: NetName=GND Pin=R18-2
Added Pin To Net: NetName=HA Pin=R20-2
Added Pin To Net: NetName=BAT Pin=R23-2
Added Pin To Net: NetName=HB Pin=R25-1
Added Pin To Net: NetName=GND Pin=R25-2
Added Pin To Net: NetName=W Pin=R28-1
Added Pin To Net: NetName=HC Pin=R28-2
Added Pin To Net: NetName=NetC18_1 Pin=R30-2
Added Pin To Net: NetName=HC Pin=R31-1
Added Pin To Net: NetName=GND Pin=R31-2
Added Pin To Net: NetName=HC Pin=R32-2
Added Pin To Net: NetName=NetC18_1 Pin=R34-2
Added Pin To Net: NetName=NetC3_1 Pin=R38-1
Added Pin To Net: NetName=IOCP Pin=R38-2
Added Pin To Net: NetName=NetC3_1 Pin=R39-1
Added Pin To Net: NetName=GND Pin=R39-2
Added Pin To Net: NetName=NetC3_1 Pin=R40-1
Added Pin To Net: NetName=GND Pin=R40-2
Added Pin To Net: NetName=NetC27_2 Pin=R42-1
Added Pin To Net: NetName=VSP Pin=R42-2
Added Pin To Net: NetName=NetC27_2 Pin=R43-2
Added Pin To Net: NetName=NetQ7_1 Pin=R45-2
Added Pin To Net: NetName=NetC8_2 Pin=Rt1-1
Added Pin To Net: NetName=GND Pin=Rt1-2
Change Net Name : Old Net Name=NetJ6_1 New Net Name=PB1
Change Net Name : Old Net Name=NetJ6_2 New Net Name=PB2
Change Net Name : Old Net Name=NetJ6_3 New Net Name=PB0
Change Net Name : Old Net Name=NetR8_1 New Net Name=NetD4_2
Change Net Name : Old Net Name=OSDSDA New Net Name=OCDSDA
Change Net Name : Old Net Name=U New Net Name=NetC2_2
Added Pin To Net: NetName=NetQ8_2 Pin=Q8-2
Added Pin To Net: NetName=NetQ8_2 Pin=R8-2
Added Pin To Net: NetName=NetQ8_2 Pin=R23-1
Added Net: Name=NetQ8_2
Added Pin To Net: NetName=NetR4_1 Pin=R4-1
Added Pin To Net: NetName=NetR4_1 Pin=U2-7
Added Net: Name=NetR4_1
Added Pin To Net: NetName=NetR17_1 Pin=R17-1
Added Pin To Net: NetName=NetR17_1 Pin=U4-7
Added Net: Name=NetR17_1
Added Pin To Net: NetName=NetR34_1 Pin=R34-1
Added Pin To Net: NetName=NetR34_1 Pin=U6-7
Added Net: Name=NetR34_1
Added Pin To Net: NetName=NetR43_1 Pin=R43-1
Added Pin To Net: NetName=NetR43_1 Pin=U5-2
Added Net: Name=NetR43_1
Added Pin To Net: NetName=NetR45_1 Pin=R45-1
Added Pin To Net: NetName=NetR45_1 Pin=U5-24
Added Net: Name=NetR45_1
