"File: Interrupt.c   Assembler  Version HGASM0202      Page 1


   1  0000              ; Generated by holtek-gcc v3.12, Thu Jul 24 14:21:29 2014
   2  0000              ; 
   3  0000              ; Configuration:
   4  0000              ;       without long instruction
   5  0000              ;       Single ROM, Multi-RAM
   6  0000              ;       bits_per_rom_unit:16
   7  0000              ;       with mp1
   8  0000              ;       with tbhp, address(0x9)
   9  0000              ;          Use tabrd-const
  10  0000              ;       
  11  0000              ;       
  12  0000              ; use 'tabrdc' instread of 'tabrd'
  13  0000              ;       
  14  0000              
  15  0000              #pragma translator "holtek-gcc 4.6.4" "3.12" "build 20130711"
  16  0000              ; Rebuild 68
  17  0000              
  18  0000              ir equ [2]
  19  0000              mp equ [3]
  20  0000              sbp equ [1]
  21  0000              acc equ [5]
  22  0000              bp equ [4]
  23  0000              tblp equ [7]
  24  0000              tbhp equ [9]
  25  0000              status equ [10]
  26  0000              c equ [10].0
  27  0000              ac equ [10].1
  28  0000              z equ [10].2
  29  0000              ov equ [10].3
  30  0000              intc equ [11]
  31  0000              
  32  0000              extern ra:byte
  33  0000              extern rb:byte
  34  0000              extern rc:byte
  35  0000              extern rd:byte
  36  0000              extern re:byte
  37  0000              extern rf:byte
  38  0000              extern rg:byte
  39  0000              extern rh:byte
  40  0000              extern _Crom2Prom:near
  41  0000              extern _Crom2PromNext:near
  42  0000              
  43  0000              RAMBANK 0 @HCCINIT, @HCCINIT0
  44  0000              @HCCINIT	.section 'data'
  45  0000              @HCCINIT0	.section 'data'
  46  0000              
  47  0000              #pragma debug scope 1 1
  48  0000              public _ISR_Uart
  49  0000              #pragma debug scope 2 1

   8  0000              #line 8 "F:\Project\Code\UARTExampleCode\Interrupt.c"
   8  0000              @ISR_Uart_code .section at 52 'code'
   8  0000  0080     R  	mov _ISR_Uartfs[0],a
   8  0001  0704        	mov a, bp
   8  0002  0080     R  	mov _ISR_Uartfs[1],a
   8  0003  2800     R  	jmp _ISR_Uart
   8  0004              @dummy52 endp
   8  0004              
   8  0000              _ISR_Uart .section 'code'
"File: Interrupt.c   Assembler  Version HGASM0202      Page 2

   8  0000              _ISR_Uart proc
   8  0000              public _ISR_Uartfs
   8  0000  0003[       local _ISR_Uartfs db 3 dup(?)
            00
            ]
   8  0000  070A        	mov a, status
   8  0001  0080     R  	mov _ISR_Uartfs[2],a
  10  0002              #line 10 "F:\Project\Code\UARTExampleCode\Interrupt.c"
  10  0002  3575        	clr [117].2
  12  0003              #line 12 "F:\Project\Code\UARTExampleCode\Interrupt.c"
  12  0003  077A        	mov a,[122]
  12  0004  0080     E  	mov _RxdData[0],a
  12  0005  0700     R  	mov a,_ISR_Uartfs[1]
  12  0006  0084        	mov bp,a
  12  0007  0700     R  	mov a,_ISR_Uartfs[2]
  12  0008  008A        	mov status,a
  12  0009  0700     R  	mov a,_ISR_Uartfs[0]
  12  000A  0004        	reti
  12  000B              _ISR_Uart endp
  12  000B              
  12  000B              #line 12 "F:\Project\Code\UARTExampleCode\Interrupt.c"
  12  000B              #pragma debug scope 1 1
  12  000B              ___usr equ [075h]
  12  000B              #pragma debug struct_end
  12  000B              #pragma debug struct_end
  12  000B              #pragma debug union_end
  12  000B              #pragma debug union_end
  12  000B              #pragma debug variable 43 1 [075h] "__usr" 1
  12  000B              ___txr_rxr equ [07ah]
  12  000B              #pragma debug struct_end
  12  000B              #pragma debug struct_end
  12  000B              #pragma debug union_end
  12  000B              #pragma debug union_end
  12  000B              #pragma debug variable 45 1 [07ah] "__txr_rxr" 1
  12  000B              
  12  000B              ; output external variables
  12  000B              extern _RxdData:byte
  12  000B              
  12  000B              ; 
  12  000B              ; Generated by holtek-gcc v3.12, Thu Jul 24 14:21:29 2014
  12  000B              ; Rebuild 68
  12  000B              ; end of file


        0 Errors, 0