Removed Pin From Net: NetName=NetC2_1 Pin=Q1-1
Removed Pin From Net: NetName=NetC13_1 Pin=Q3-1
Removed Pin From Net: NetName=NetC18_1 Pin=Q5-1
Removed Pin From Net: NetName=NetC2_1 Pin=R2-2
Removed Pin From Net: NetName=NetC2_1 Pin=R4-1
Removed Pin From Net: NetName=NetC13_1 Pin=R14-2
Removed Pin From Net: NetName=NetC13_1 Pin=R17-2
Removed Pin From Net: NetName=NetC18_1 Pin=R30-2
Removed Pin From Net: NetName=NetC18_1 Pin=R34-2
Added Pin To Net: NetName=NetQ1_1 Pin=Q1-1
Added Pin To Net: NetName=NetQ1_1 Pin=R2-2
Added Pin To Net: NetName=NetQ1_1 Pin=R4-1
Added Net: Name=NetQ1_1
Added Pin To Net: NetName=NetQ3_1 Pin=Q3-1
Added Pin To Net: NetName=NetQ3_1 Pin=R14-2
Added Pin To Net: NetName=NetQ3_1 Pin=R17-2
Added Net: Name=NetQ3_1
Added Pin To Net: NetName=NetQ5_1 Pin=Q5-1
Added Pin To Net: NetName=NetQ5_1 Pin=R30-2
Added Pin To Net: NetName=NetQ5_1 Pin=R34-2
Added Net: Name=NetQ5_1
