Removed Pin From Net: NetName=GND Pin=C14-1
Removed Pin From Net: NetName=HA Pin=C14-2
Removed Pin From Net: NetName=GND Pin=C16-1
Removed Pin From Net: NetName=HB Pin=C16-2
Removed Pin From Net: NetName=GND Pin=C19-1
Removed Pin From Net: NetName=HC Pin=C19-2
Removed Pin From Net: NetName=HA Pin=R18-1
Removed Pin From Net: NetName=GND Pin=R18-2
Removed Pin From Net: NetName=HB Pin=R25-1
Removed Pin From Net: NetName=GND Pin=R25-2
Removed Pin From Net: NetName=HC Pin=R31-1
Removed Pin From Net: NetName=GND Pin=R31-2
Added Pin To Net: NetName=HA Pin=C14-1
Added Pin To Net: NetName=GND Pin=C14-2
Added Pin To Net: NetName=HB Pin=C16-1
Added Pin To Net: NetName=GND Pin=C16-2
Added Pin To Net: NetName=HC Pin=C19-1
Added Pin To Net: NetName=GND Pin=C19-2
Added Pin To Net: NetName=GND Pin=R18-1
Added Pin To Net: NetName=HA Pin=R18-2
Added Pin To Net: NetName=GND Pin=R25-1
Added Pin To Net: NetName=HB Pin=R25-2
Added Pin To Net: NetName=GND Pin=R31-1
Added Pin To Net: NetName=HC Pin=R31-2
