"File: bdc_control.c  Assembler  Version HGASM0202      Page 1


   1  0000              ; Generated by holtek-gcc v3.19, Thu Sep 12 19:03:14 2019
   2  0000              ; 
   3  0000              ; Configuration:
   4  0000              ;       with long instruction
   5  0000              ;       Single ROM, Multi-RAM
   6  0000              ;       bits_per_rom_unit:16
   7  0000              ;       with mp1
   8  0000              ;       with tbhp, address(0x9)
   9  0000              ;          Use tabrd-const
  10  0000              ;       
  11  0000              ; SFR address of long-instruction arch:
  12  0000              ;    mp0 = -1,1,0
  13  0000              ;    mp1 = 4,3,2
  14  0000              ;    mp2 = 14,13,12
  15  0000              ;    tbp = 9,7,8
  16  0000              ;    acc = 5
  17  0000              ;    pcl = 6
  18  0000              ;    status = 10
  19  0000              ;    bp = 11
  20  0000              ;    intc = 21
  21  0000              ;       
  22  0000              ;       
  23  0000              ; use 'tabrdc' instead of 'tabrd'
  24  0000              ;       
  25  0000              
  26  0000              #pragma translator "holtek-gcc 4.6.4" "3.19" "build 20130711"
  27  0000              ; Rebuild 718
  28  0000              
  29  0000              ir equ [2]
  30  0000              mp equ [3]
  31  0000              sbp equ [4]
  32  0000              acc equ [5]
  33  0000              bp equ [11]
  34  0000              tblp equ [7]
  35  0000              tbhp equ [9]
  36  0000              status equ [10]
  37  0000              c equ [10].0
  38  0000              ac equ [10].1
  39  0000              z equ [10].2
  40  0000              ov equ [10].3
  41  0000              cz equ [10].6
  42  0000              sc equ [10].7
  43  0000              intc equ [21]
  44  0000              mdu0r0 equ [73h]
  45  0000              mdu0r1 equ [74h]
  46  0000              mdu0ctrl equ [75h]
  47  0000              mduwr0 equ [76h]
  48  0000              mduwr1 equ [77h]
  49  0000              mduwr2 equ [78h]
  50  0000              mduwr3 equ [7ah]
  51  0000              mduwr4 equ [7bh]
  52  0000              mduwr5 equ [7ch]
  53  0000              mduwrctrl equ [7dh]
  54  0000              
  55  0000              extern ra:byte
  56  0000              extern rb:byte
  57  0000              extern rc:byte
  58  0000              extern rd:byte
  59  0000              extern re:byte
"File: bdc_control.ASM  Assembler  Version HGASM0202      Page 2

  60  0000              extern rf:byte
  61  0000              extern rg:byte
  62  0000              extern rh:byte
  63  0000              extern _Crom2Prom:near
  64  0000              extern _Crom2PromNext:near
  65  0000              
  66  0000              RAMBANK 0 @BITDATASEC, @BITDATASEC1
  67  0000              @HCCINIT	.section 'data'
  68  0000              @HCCINIT0	.section 'data'
  69  0000              @BITDATASEC	 .section 'data'
  70  0000              @BITDATASEC1	 .section 'data'
  71  0000              
  72  0000              #pragma debug scope 1 1
  73  0000              	extern __DELAY3:near
  74  0000              	extern __DELAYX3:near
  75  0000              	extern __DELAYX6:near
  76  0000              	extern __DELAYY5:near
  77  0000              	extern __DELAYY3:near
  78  0000              	extern _builtin_holtek_delay_2:byte

  58  0000              #line 58 "D:\WORK\Project\Github\Holtel-MCU\Code\HT66FM5440\110V_hbridge\bdc_control.c"
  58  0000              public _direction
  58  0000              @HCCINIT0_direction .section 'data'
  58  0000  0002[       _direction	db 2 dup(0)
            00
            ]
  58  0002              #pragma debug variable 12 1 _direction "direction"
  58  0002              
  58  0000              @HCCINIT .section 'data'
  58  0000              public _motor_current
  58  0000              @HCCINIT	.section 'data'
  59  0000              #line 59 "D:\WORK\Project\Github\Holtel-MCU\Code\HT66FM5440\110V_hbridge\bdc_control.c"
  59  0000              @HCCINIT_motor_current .section 'data'
  59  0000              _motor_current label byte
  59  0000              #pragma debug variable 10 1 _motor_current "motor_current"
  59  0000              	db 0
  59  0000              @ROMDATA_BASE .section inpage 'code'
  59  0000              	db 0
  59  0001              @HCCINIT_motor_current .section 'data'
  59  0001              	db 0
  59  0001              @ROMDATA_BASE .section inpage 'code'
  59  0001              	db 0
  59  0002              @HCCINIT_motor_current .section 'data'
  60  0002              #line 60 "D:\WORK\Project\Github\Holtel-MCU\Code\HT66FM5440\110V_hbridge\bdc_control.c"
  60  0002              public _motor_state
  60  0000              @HCCINIT0_motor_state .section 'data'
  60  0000              _motor_state	db 0
  60  0001              #pragma debug variable 8 1 _motor_state "motor_state"
  60  0001              
  60  0000              @HCCINIT .section 'data'
  60  0000              public _pwmduty_now
  65  0000              #line 65 "D:\WORK\Project\Github\Holtel-MCU\Code\HT66FM5440\110V_hbridge\bdc_control.c"
  65  0000              @HCCINIT_pwmduty_now .section 'data'
  65  0000              _pwmduty_now label byte
  65  0000              #pragma debug variable 10 1 _pwmduty_now "pwmduty_now"
  65  0000              	db 0
  65  0001              @ROMDATA_BASE .section inpage 'code'
  65  0001              	db 0
  65  0001              @HCCINIT_pwmduty_now .section 'data'
  65  0001              	db 0
"File: bdc_control.c  Assembler  Version HGASM0202      Page 3

  65  0002              @ROMDATA_BASE .section inpage 'code'
  65  0002              	db 0
  65  0002              @HCCINIT_pwmduty_now .section 'data'
  65  0002              public _f_10ms
  66  0002              #line 66 "D:\WORK\Project\Github\Holtel-MCU\Code\HT66FM5440\110V_hbridge\bdc_control.c"
  66  0000              @BITDATASEC .section 'data'
  66  0000  00          _f_10ms	dbit 0
  66  0001              #pragma debug variable 2 1 _f_10ms "f_10ms"
  66  0001              public _f_200ms
  66  0001              #line 66 "D:\WORK\Project\Github\Holtel-MCU\Code\HT66FM5440\110V_hbridge\bdc_control.c"
  66  0001              @BITDATASEC .section 'data'
  66  0000              _f_200ms	dbit 0
  66  0001              #pragma debug variable 2 1 _f_200ms "f_200ms"
  69  0001              #line 69 "D:\WORK\Project\Github\Holtel-MCU\Code\HT66FM5440\110V_hbridge\bdc_control.c"
  69  0001              public _txbuff
  69  0000              @HCCINIT0_txbuff .section 'data'
  69  0000  0006[       _txbuff	db 6 dup(0)
            00
            ]
  69  0006              #pragma debug array 42 8 6 1
  69  0006              #pragma debug array 42 8 6 1
  69  0006              #pragma debug variable 42 1 _txbuff "txbuff"
  69  0006              
  69  0000              @HCCINIT .section 'data'
  70  0000              #line 70 "D:\WORK\Project\Github\Holtel-MCU\Code\HT66FM5440\110V_hbridge\bdc_control.c"
  70  0000              public _rxbuff
  70  0000              @HCCINIT0_rxbuff .section 'data'
  70  0000  0006[       _rxbuff	db 6 dup(0)
            00
            ]
  70  0006              #pragma debug variable 42 1 _rxbuff "rxbuff"
  70  0006              
  70  0000              @HCCINIT .section 'data'
  70  0000              public _rxcnt
  71  0000              #line 71 "D:\WORK\Project\Github\Holtel-MCU\Code\HT66FM5440\110V_hbridge\bdc_control.c"
  71  0000              @HCCINIT_rxcnt .section 'data'
  71  0000              _rxcnt label byte
  71  0000              #pragma debug variable 8 1 _rxcnt "rxcnt"
  71  0000              	db 0
  71  0002              @ROMDATA_BASE .section inpage 'code'
  71  0002              	db 0
  71  0001              @HCCINIT_rxcnt .section 'data'
  71  0001              public _txcnt
  71  0001              #line 71 "D:\WORK\Project\Github\Holtel-MCU\Code\HT66FM5440\110V_hbridge\bdc_control.c"
  71  0000              @HCCINIT_txcnt .section 'data'
  71  0000              _txcnt label byte
  71  0000              #pragma debug variable 8 1 _txcnt "txcnt"
  71  0000              	db 0
  71  0003              @ROMDATA_BASE .section inpage 'code'
  71  0003              	db 0
  71  0001              @HCCINIT_txcnt .section 'data'
  71  0001              public _ascii
  71  0000              @crom	.section 'crom'
  72  0000              #line 72 "D:\WORK\Project\Github\Holtel-MCU\Code\HT66FM5440\110V_hbridge\bdc_control.c"
  72  0000              @crom	.section	'crom'
  72  0000              _ascii:
  72  0000              #pragma debug array 43 7 17 1
  72  0000              #pragma debug array 43 7 17 1
  72  0000              #pragma debug variable 43 1 _ascii "ascii"
  72  0000              	db 030h,031h,032h,033h,034h,035h,036h,037h,038h,039h
"File: bdc_control.c  Assembler  Version HGASM0202      Page 4

  72  0005              	db 041h,042h,043h,044h,045h,046h,00h
  86  0009              #line 86 "D:\WORK\Project\Github\Holtel-MCU\Code\HT66FM5440\110V_hbridge\bdc_control.c"
  86  0009              public _pwmduty_temp
  86  0000              @HCCINIT0_pwmduty_temp .section 'data'
  86  0000  0002[       _pwmduty_temp	db 2 dup(0)
            00
            ]
  86  0002              #pragma debug variable 10 1 _pwmduty_temp "pwmduty_temp"
  86  0002              
  86  0000              @HCCINIT .section 'data'
  86  0000              ___pwmc equ [87]
  86  0000              ___intc0 equ [21]
  86  0000              public _main
  86  0000              #pragma debug scope 2 1
  89  0000              #line 89 "D:\WORK\Project\Github\Holtel-MCU\Code\HT66FM5440\110V_hbridge\bdc_control.c"
  89  0000              IFDEF WITH_DEFAULT_STARTUP
  89  0000              extern _main_initial0:near
  89  0000              extern _main_startup:near
  89  0000              ENDIF
  89  0000              
  89  0000              ROMBANK 0 @start
  89  0000              @start .section com_l 'code'
  89  0000              _main_startup1:
  89  0000              @start .section com_e 'code'
  89  0000  2800     R  	jmp _main
  89  0001              
  89  0000              _main .section 'code'
  89  0000              _main proc
  90  0000              #line 90 "D:\WORK\Project\Github\Holtel-MCU\Code\HT66FM5440\110V_hbridge\bdc_control.c"
  90  0000  1F00     R  	clr _pwmduty_now[0]
  90  0001  1F00     R  	clr _pwmduty_now[1]
  91  0002              #line 91 "D:\WORK\Project\Github\Holtel-MCU\Code\HT66FM5440\110V_hbridge\bdc_control.c"
  91  0002  0F02        	mov a,2
  91  0003  0080     R  	mov _motor_state[0],a
  93  0004              #line 93 "D:\WORK\Project\Github\Holtel-MCU\Code\HT66FM5440\110V_hbridge\bdc_control.c"
  93  0004  2000     R  	call _gpio_init
  94  0005              #line 94 "D:\WORK\Project\Github\Holtel-MCU\Code\HT66FM5440\110V_hbridge\bdc_control.c"
  94  0005  2000     R  	call _uart_init
  95  0006              #line 95 "D:\WORK\Project\Github\Holtel-MCU\Code\HT66FM5440\110V_hbridge\bdc_control.c"
  95  0006  2000     R  	call _timeBase_init
  96  0007              #line 96 "D:\WORK\Project\Github\Holtel-MCU\Code\HT66FM5440\110V_hbridge\bdc_control.c"
  96  0007  2000     R  	call _pwm_init
  97  0008              #line 97 "D:\WORK\Project\Github\Holtel-MCU\Code\HT66FM5440\110V_hbridge\bdc_control.c"
  97  0008  31D7        	set [87].3
  98  0009              #line 98 "D:\WORK\Project\Github\Holtel-MCU\Code\HT66FM5440\110V_hbridge\bdc_control.c"
  98  0009  3015        	set [21].0
 100  000A              #line 100 "D:\WORK\Project\Github\Holtel-MCU\Code\HT66FM5440\110V_hbridge\bdc_control.c"
 100  000A  3400     R  	clr _f_200ms
 101  000B              #line 101 "D:\WORK\Project\Github\Holtel-MCU\Code\HT66FM5440\110V_hbridge\bdc_control.c"
 101  000B  2800     R  	jmp _L2
 101  000C              _L3:
 103  000C              #line 103 "D:\WORK\Project\Github\Holtel-MCU\Code\HT66FM5440\110V_hbridge\bdc_control.c"
 103  000C              ;# 103 "D:\WORK\Project\Github\Holtel-MCU\Code\HT66FM5440\110V_hbridge\bdc_control.c" 1
 103  000C  0001        	clr wdt
 103  000D              _L2:
 101  000D              #line 101 "D:\WORK\Project\Github\Holtel-MCU\Code\HT66FM5440\110V_hbridge\bdc_control.c"
 101  000D  1F00     E  	clr ra
 101  000E  3C00     R  	sz _f_200ms
 101  000F  3000     E  	set ra.0
 101  0010  3800     E  	snz ra.0
"File: bdc_control.c  Assembler  Version HGASM0202      Page 5

 101  0011  2800     R  	jmp _L3
 101  0012              _L23:
 108  0012              #line 108 "D:\WORK\Project\Github\Holtel-MCU\Code\HT66FM5440\110V_hbridge\bdc_control.c"
 108  0012              ;# 108 "D:\WORK\Project\Github\Holtel-MCU\Code\HT66FM5440\110V_hbridge\bdc_control.c" 1
 108  0012  0001        	clr wdt
 109  0013              #line 109 "D:\WORK\Project\Github\Holtel-MCU\Code\HT66FM5440\110V_hbridge\bdc_control.c"
 109  0013  2000     R  	call _adc_sample
 110  0014              #line 110 "D:\WORK\Project\Github\Holtel-MCU\Code\HT66FM5440\110V_hbridge\bdc_control.c"
 110  0014  0700     R  	mov a,_motor_current[0]
 110  0015  0080     E  	mov ra,a
 110  0016  0700     R  	mov a,_motor_current[1]
 110  0017  0080     E  	mov rb,a
 110  0018  0700     E  	mov a,ra
 110  0019  0500     E  	or a,rb
 110  001A  3D0A        	sz z
 110  001B  2800     R  	jmp _L4
 111  001C              #line 111 "D:\WORK\Project\Github\Holtel-MCU\Code\HT66FM5440\110V_hbridge\bdc_control.c"
 111  001C  1F00     R  	clr _motor_state[0]
 111  001D              _L4:
 113  001D              #line 113 "D:\WORK\Project\Github\Holtel-MCU\Code\HT66FM5440\110V_hbridge\bdc_control.c"
 113  001D  1F00     E  	clr ra
 113  001E  3C00     R  	sz _f_10ms
 113  001F  3000     E  	set ra.0
 113  0020  3800     E  	snz ra.0
 113  0021  2800     R  	jmp _L5
 115  0022              #line 115 "D:\WORK\Project\Github\Holtel-MCU\Code\HT66FM5440\110V_hbridge\bdc_control.c"
 115  0022  3400     R  	clr _f_10ms
 117  0023              #line 117 "D:\WORK\Project\Github\Holtel-MCU\Code\HT66FM5440\110V_hbridge\bdc_control.c"
 117  0023  2000     R  	call _handle_key
 119  0024              #line 119 "D:\WORK\Project\Github\Holtel-MCU\Code\HT66FM5440\110V_hbridge\bdc_control.c"
 119  0024  0700     R  	mov a,_motor_state[0]
 119  0025  0080     E  	mov ra,a
 119  0026  1F00     E  	clr rb
 119  0027  0700     E  	mov a,ra
 119  0028  0500     E  	or a,rb
 119  0029  3D0A        	sz z
 119  002A  2800     R  	jmp _L7
 119  002B  0700     E  	mov a,ra
 119  002C  0C01        	xor a,1
 119  002D  0500     E  	or a,rb
 119  002E  3D0A        	sz z
 119  002F  2800     R  	jmp _L8
 119  0030  0700     E  	mov a,ra
 119  0031  0C02        	xor a,2
 119  0032  0500     E  	or a,rb
 119  0033  3D0A        	sz z
 119  0034  2800     R  	jmp _L9
 119  0035  0700     E  	mov a,ra
 119  0036  0C03        	xor a,3
 119  0037  0500     E  	or a,rb
 119  0038  3D0A        	sz z
 119  0039  2800     R  	jmp _L10
 119  003A  0700     E  	mov a,ra
 119  003B  0C04        	xor a,4
 119  003C  0500     E  	or a,rb
 119  003D  3D0A        	sz z
 119  003E  2800     R  	jmp _L11
 119  003F  2800     R  	jmp _L24
 119  0040              _L7:
 122  0040              #line 122 "D:\WORK\Project\Github\Holtel-MCU\Code\HT66FM5440\110V_hbridge\bdc_control.c"
"File: bdc_control.c  Assembler  Version HGASM0202      Page 6

 122  0040  1F00     R  	clr _pwmduty_now[0]
 122  0041  1F00     R  	clr _pwmduty_now[1]
 123  0042              #line 123 "D:\WORK\Project\Github\Holtel-MCU\Code\HT66FM5440\110V_hbridge\bdc_control.c"
 123  0042  2800     R  	jmp _L5
 123  0043              _L8:
 126  0043              #line 126 "D:\WORK\Project\Github\Holtel-MCU\Code\HT66FM5440\110V_hbridge\bdc_control.c"
 126  0043  0700     R  	mov a,_direction[0]
 126  0044  0080     E  	mov ra,a
 126  0045  0700     R  	mov a,_direction[1]
 126  0046  0080     E  	mov rb,a
 126  0047  0700     E  	mov a,ra
 126  0048  0C01        	xor a,1
 126  0049  0500     E  	or a,rb
 126  004A  390A        	snz z
 126  004B  2800     R  	jmp _L12
 127  004C              #line 127 "D:\WORK\Project\Github\Holtel-MCU\Code\HT66FM5440\110V_hbridge\bdc_control.c"
 127  004C  0F04        	mov a,4
 127  004D  0080     R  	mov _motor_state[0],a
 127  004E  2800     R  	jmp _L13
 127  004F              _L12:
 128  004F              #line 128 "D:\WORK\Project\Github\Holtel-MCU\Code\HT66FM5440\110V_hbridge\bdc_control.c"
 128  004F  0700     R  	mov a,_direction[0]
 128  0050  0080     E  	mov ra,a
 128  0051  0700     R  	mov a,_direction[1]
 128  0052  0080     E  	mov rb,a
 128  0053  0700     E  	mov a,ra
 128  0054  0500     E  	or a,rb
 128  0055  390A        	snz z
 128  0056  2800     R  	jmp _L13
 129  0057              #line 129 "D:\WORK\Project\Github\Holtel-MCU\Code\HT66FM5440\110V_hbridge\bdc_control.c"
 129  0057  0F03        	mov a,3
 129  0058  0080     R  	mov _motor_state[0],a
 130  0059              #line 130 "D:\WORK\Project\Github\Holtel-MCU\Code\HT66FM5440\110V_hbridge\bdc_control.c"
 130  0059  2800     R  	jmp _L5
 130  005A              _L13:
 130  005A  2800     R  	jmp _L5
 130  005B              _L9:
 138  005B              #line 138 "D:\WORK\Project\Github\Holtel-MCU\Code\HT66FM5440\110V_hbridge\bdc_control.c"
 138  005B  0F01        	mov a,1
 138  005C  0080     R  	mov _pwmduty_temp[0],a
 138  005D  1F00     R  	clr _pwmduty_temp[1]
 139  005E              #line 139 "D:\WORK\Project\Github\Holtel-MCU\Code\HT66FM5440\110V_hbridge\bdc_control.c"
 139  005E  0700     R  	mov a,_pwmduty_now[0]
 139  005F  0080     E  	mov rc,a
 139  0060  0700     R  	mov a,_pwmduty_now[1]
 139  0061  0080     E  	mov rd,a
 139  0062  0700     R  	mov a,_pwmduty_temp[0]
 139  0063  0080     E  	mov ra,a
 139  0064  0700     R  	mov a,_pwmduty_temp[1]
 139  0065  0080     E  	mov rb,a
 139  0066  0700     E  	mov a,rc
 139  0067  0200     E  	sub a,ra
 139  0068  0700     E  	mov a,rd
 139  0069  1200     E  	sbc a,rb
 139  006A  3C0A        	sz c
 139  006B  2800     R  	jmp _L14
 141  006C              #line 141 "D:\WORK\Project\Github\Holtel-MCU\Code\HT66FM5440\110V_hbridge\bdc_control.c"
 141  006C  1F00     R  	clr _pwmduty_now[0]
 141  006D  1F00     R  	clr _pwmduty_now[1]
 142  006E              #line 142 "D:\WORK\Project\Github\Holtel-MCU\Code\HT66FM5440\110V_hbridge\bdc_control.c"
"File: bdc_control.c  Assembler  Version HGASM0202      Page 7

 142  006E  0F01        	mov a,1
 142  006F  0080     R  	mov _motor_state[0],a
 146  0070              #line 146 "D:\WORK\Project\Github\Holtel-MCU\Code\HT66FM5440\110V_hbridge\bdc_control.c"
 146  0070  2800     R  	jmp _L5
 146  0071              _L14:
 145  0071              #line 145 "D:\WORK\Project\Github\Holtel-MCU\Code\HT66FM5440\110V_hbridge\bdc_control.c"
 145  0071  0700     R  	mov a,_pwmduty_now[0]
 145  0072  0080     E  	mov rc,a
 145  0073  0700     R  	mov a,_pwmduty_now[1]
 145  0074  0080     E  	mov rd,a
 145  0075  0700     R  	mov a,_pwmduty_temp[0]
 145  0076  0080     E  	mov ra,a
 145  0077  0700     R  	mov a,_pwmduty_temp[1]
 145  0078  0080     E  	mov rb,a
 145  0079  0700     E  	mov a,rc
 145  007A  0280     E  	subm a,ra
 145  007B  0700     E  	mov a,rd
 145  007C  1280     E  	sbcm a,rb
 145  007D  0700     E  	mov a,ra
 145  007E  0080     R  	mov _pwmduty_now[0],a
 145  007F  0700     E  	mov a,rb
 145  0080  0080     R  	mov _pwmduty_now[1],a
 146  0081              #line 146 "D:\WORK\Project\Github\Holtel-MCU\Code\HT66FM5440\110V_hbridge\bdc_control.c"
 146  0081  2800     R  	jmp _L5
 146  0082              _L10:
 149  0082              #line 149 "D:\WORK\Project\Github\Holtel-MCU\Code\HT66FM5440\110V_hbridge\bdc_control.c"
 149  0082  0700     R  	mov a,_direction[0]
 149  0083  0080     E  	mov ra,a
 149  0084  0700     R  	mov a,_direction[1]
 149  0085  0080     E  	mov rb,a
 149  0086  0700     E  	mov a,ra
 149  0087  0500     E  	or a,rb
 149  0088  3D0A        	sz z
 149  0089  2800     R  	jmp _L16
 151  008A              #line 151 "D:\WORK\Project\Github\Holtel-MCU\Code\HT66FM5440\110V_hbridge\bdc_control.c"
 151  008A  0F5D        	mov a,93
 151  008B  0080     R  	mov _pwmduty_now[0],a
 151  008C  1F00     R  	clr _pwmduty_now[1]
 152  008D              #line 152 "D:\WORK\Project\Github\Holtel-MCU\Code\HT66FM5440\110V_hbridge\bdc_control.c"
 152  008D  0F02        	mov a,2
 152  008E  0080     R  	mov _motor_state[0],a
 153  008F              #line 153 "D:\WORK\Project\Github\Holtel-MCU\Code\HT66FM5440\110V_hbridge\bdc_control.c"
 153  008F  2800     R  	jmp _L5
 153  0090              _L16:
 155  0090              #line 155 "D:\WORK\Project\Github\Holtel-MCU\Code\HT66FM5440\110V_hbridge\bdc_control.c"
 155  0090  0700     R  	mov a,_pwmduty_now[0]
 155  0091  0080     E  	mov ra,a
 155  0092  0700     R  	mov a,_pwmduty_now[1]
 155  0093  0080     E  	mov rb,a
 155  0094  0F05        	mov a,5
 155  0095  0380     E  	addm a,ra
 155  0096  0F00        	mov a,0
 155  0097  1380     E  	adcm a,rb
 155  0098  0700     E  	mov a,ra
 155  0099  0080     R  	mov _pwmduty_temp[0],a
 155  009A  0700     E  	mov a,rb
 155  009B  0080     R  	mov _pwmduty_temp[1],a
 156  009C              #line 156 "D:\WORK\Project\Github\Holtel-MCU\Code\HT66FM5440\110V_hbridge\bdc_control.c"
 156  009C  0700     R  	mov a,_pwmduty_temp[0]
 156  009D  0080     E  	mov ra,a
"File: bdc_control.c  Assembler  Version HGASM0202      Page 8

 156  009E  0700     R  	mov a,_pwmduty_temp[1]
 156  009F  0080     E  	mov rb,a
 156  00A0  0FEE        	mov a,238
 156  00A1  0200     E  	sub a,ra
 156  00A2  0F02        	mov a,2
 156  00A3  1200     E  	sbc a,rb
 156  00A4  3C0A        	sz c
 156  00A5  2800     R  	jmp _L17
 157  00A6              #line 157 "D:\WORK\Project\Github\Holtel-MCU\Code\HT66FM5440\110V_hbridge\bdc_control.c"
 157  00A6  0FEE        	mov a,-18
 157  00A7  0080     R  	mov _pwmduty_now[0],a
 157  00A8  0F02        	mov a,2
 157  00A9  0080     R  	mov _pwmduty_now[1],a
 160  00AA              #line 160 "D:\WORK\Project\Github\Holtel-MCU\Code\HT66FM5440\110V_hbridge\bdc_control.c"
 160  00AA  2800     R  	jmp _L5
 160  00AB              _L17:
 159  00AB              #line 159 "D:\WORK\Project\Github\Holtel-MCU\Code\HT66FM5440\110V_hbridge\bdc_control.c"
 159  00AB  0700     R  	mov a,_pwmduty_temp[0]
 159  00AC  0080     E  	mov ra,a
 159  00AD  0700     R  	mov a,_pwmduty_temp[1]
 159  00AE  0080     E  	mov rb,a
 159  00AF  0700     E  	mov a,ra
 159  00B0  0080     R  	mov _pwmduty_now[0],a
 159  00B1  0700     E  	mov a,rb
 159  00B2  0080     R  	mov _pwmduty_now[1],a
 160  00B3              #line 160 "D:\WORK\Project\Github\Holtel-MCU\Code\HT66FM5440\110V_hbridge\bdc_control.c"
 160  00B3  2800     R  	jmp _L5
 160  00B4              _L11:
 163  00B4              #line 163 "D:\WORK\Project\Github\Holtel-MCU\Code\HT66FM5440\110V_hbridge\bdc_control.c"
 163  00B4  0700     R  	mov a,_direction[0]
 163  00B5  0080     E  	mov ra,a
 163  00B6  0700     R  	mov a,_direction[1]
 163  00B7  0080     E  	mov rb,a
 163  00B8  0700     E  	mov a,ra
 163  00B9  0C01        	xor a,1
 163  00BA  0500     E  	or a,rb
 163  00BB  3D0A        	sz z
 163  00BC  2800     R  	jmp _L19
 165  00BD              #line 165 "D:\WORK\Project\Github\Holtel-MCU\Code\HT66FM5440\110V_hbridge\bdc_control.c"
 165  00BD  0F02        	mov a,2
 165  00BE  0080     R  	mov _motor_state[0],a
 166  00BF              #line 166 "D:\WORK\Project\Github\Holtel-MCU\Code\HT66FM5440\110V_hbridge\bdc_control.c"
 166  00BF  2800     R  	jmp _L5
 166  00C0              _L19:
 168  00C0              #line 168 "D:\WORK\Project\Github\Holtel-MCU\Code\HT66FM5440\110V_hbridge\bdc_control.c"
 168  00C0  0700     R  	mov a,_pwmduty_now[0]
 168  00C1  0080     E  	mov ra,a
 168  00C2  0700     R  	mov a,_pwmduty_now[1]
 168  00C3  0080     E  	mov rb,a
 168  00C4  0F05        	mov a,5
 168  00C5  0380     E  	addm a,ra
 168  00C6  0F00        	mov a,0
 168  00C7  1380     E  	adcm a,rb
 168  00C8  0700     E  	mov a,ra
 168  00C9  0080     R  	mov _pwmduty_temp[0],a
 168  00CA  0700     E  	mov a,rb
 168  00CB  0080     R  	mov _pwmduty_temp[1],a
 169  00CC              #line 169 "D:\WORK\Project\Github\Holtel-MCU\Code\HT66FM5440\110V_hbridge\bdc_control.c"
 169  00CC  0700     R  	mov a,_pwmduty_temp[0]
 169  00CD  0080     E  	mov ra,a
"File: bdc_control.c  Assembler  Version HGASM0202      Page 9

 169  00CE  0700     R  	mov a,_pwmduty_temp[1]
 169  00CF  0080     E  	mov rb,a
 169  00D0  0FEE        	mov a,238
 169  00D1  0200     E  	sub a,ra
 169  00D2  0F02        	mov a,2
 169  00D3  1200     E  	sbc a,rb
 169  00D4  3C0A        	sz c
 169  00D5  2800     R  	jmp _L20
 170  00D6              #line 170 "D:\WORK\Project\Github\Holtel-MCU\Code\HT66FM5440\110V_hbridge\bdc_control.c"
 170  00D6  0FEE        	mov a,-18
 170  00D7  0080     R  	mov _pwmduty_now[0],a
 170  00D8  0F02        	mov a,2
 170  00D9  0080     R  	mov _pwmduty_now[1],a
 173  00DA              #line 173 "D:\WORK\Project\Github\Holtel-MCU\Code\HT66FM5440\110V_hbridge\bdc_control.c"
 173  00DA  2800     R  	jmp _L5
 173  00DB              _L20:
 172  00DB              #line 172 "D:\WORK\Project\Github\Holtel-MCU\Code\HT66FM5440\110V_hbridge\bdc_control.c"
 172  00DB  0700     R  	mov a,_pwmduty_temp[0]
 172  00DC  0080     E  	mov ra,a
 172  00DD  0700     R  	mov a,_pwmduty_temp[1]
 172  00DE  0080     E  	mov rb,a
 172  00DF  0700     E  	mov a,ra
 172  00E0  0080     R  	mov _pwmduty_now[0],a
 172  00E1  0700     E  	mov a,rb
 172  00E2  0080     R  	mov _pwmduty_now[1],a
 173  00E3              #line 173 "D:\WORK\Project\Github\Holtel-MCU\Code\HT66FM5440\110V_hbridge\bdc_control.c"
 173  00E3  2800     R  	jmp _L5
 173  00E4              _L24:
 176  00E4              #line 176 "D:\WORK\Project\Github\Holtel-MCU\Code\HT66FM5440\110V_hbridge\bdc_control.c"
 176  00E4  1F00     R  	clr _motor_state[0]
 177  00E5              #line 177 "D:\WORK\Project\Github\Holtel-MCU\Code\HT66FM5440\110V_hbridge\bdc_control.c"
 177  00E5              	;nop
 177  00E5              _L5:
 181  00E5              #line 181 "D:\WORK\Project\Github\Holtel-MCU\Code\HT66FM5440\110V_hbridge\bdc_control.c"
 181  00E5  1F00     E  	clr ra
 181  00E6  3C00     R  	sz _f_200ms
 181  00E7  3000     E  	set ra.0
 181  00E8  3800     E  	snz ra.0
 181  00E9  2800     R  	jmp _L22
 183  00EA              #line 183 "D:\WORK\Project\Github\Holtel-MCU\Code\HT66FM5440\110V_hbridge\bdc_control.c"
 183  00EA  3400     R  	clr _f_200ms
 190  00EB              #line 190 "D:\WORK\Project\Github\Holtel-MCU\Code\HT66FM5440\110V_hbridge\bdc_control.c"
 190  00EB  2800     R  	jmp _L23
 190  00EC              _L22:
 190  00EC  2800     R  	jmp _L23
 190  00ED  2800     R  	jmp $
 190  00EE              _main endp
 190  00EE              
 190  00EE              @dummy endp
 190  00EE              
 190  00EE              #line 190 "D:\WORK\Project\Github\Holtel-MCU\Code\HT66FM5440\110V_hbridge\bdc_control.c"
 190  00EE              #pragma debug scope 1 1
 190  00EE              ___pb equ [38]
 190  00EE              public _handle_key
 190  00EE              #pragma debug scope 3 1
 194  00EE              #line 194 "D:\WORK\Project\Github\Holtel-MCU\Code\HT66FM5440\110V_hbridge\bdc_control.c"
 194  0000              _handle_key .section 'code'
 194  0000              _handle_key proc
 194  0000  00              local _handle_key_2 db 1 dup(?)	; 0,1
 194  0001              #pragma debug variable 8 3 _handle_key_2+0 "key_now"
"File: bdc_control.c  Assembler  Version HGASM0202      Page 10

 197  0001              #line 197 "D:\WORK\Project\Github\Holtel-MCU\Code\HT66FM5440\110V_hbridge\bdc_control.c"
 197  0000  0726        	mov a,[38]
 197  0001  0080     E  	mov ra,a
 197  0002  340A        	clr c
 197  0003  1B80     E  	rrc ra
 197  0004  340A        	clr c
 197  0005  1B80     E  	rrc ra
 197  0006  0F01        	mov a,1
 197  0007  0680     E  	andm a,ra
 197  0008  1F00     E  	clr rb
 197  0009  340A        	clr c
 197  000A  1A80     E  	rlc ra
 197  000B  1A80     E  	rlc rb
 197  000C  340A        	clr c
 197  000D  1A80     E  	rlc ra
 197  000E  1A80     E  	rlc rb
 197  000F  0700     E  	mov a,ra
 197  0010  0080     E  	mov rc,a
 197  0011  0726        	mov a,[38]
 197  0012  0080     E  	mov ra,a
 197  0013  340A        	clr c
 197  0014  1B80     E  	rrc ra
 197  0015  0F01        	mov a,1
 197  0016  0680     E  	andm a,ra
 197  0017  1F00     E  	clr rb
 197  0018  340A        	clr c
 197  0019  1A80     E  	rlc ra
 197  001A  1A80     E  	rlc rb
 197  001B  0700     E  	mov a,rc
 197  001C  0500     E  	or a,ra
 197  001D  0080     E  	mov rb,a
 197  001E  0726        	mov a,[38]
 197  001F  0080     E  	mov ra,a
 197  0020  0F01        	mov a,1
 197  0021  0680     E  	andm a,ra
 197  0022  0700     E  	mov a,rb
 197  0023  0580     E  	orm a,ra
 197  0024  0100     E  	cpla ra
 197  0025  0080     R  	mov _handle_key_2[0],a
 199  0026              #line 199 "D:\WORK\Project\Github\Holtel-MCU\Code\HT66FM5440\110V_hbridge\bdc_control.c"
 199  0026  0700     R  	mov a,_handle_key_2[0]
 199  0027  0080     E  	mov ra,a
 199  0028  1F00     E  	clr rb
 199  0029  0F07        	mov a,7  
 199  002A  0680     E  	andm a,ra  
 199  002B  0F00        	mov a,0  
 199  002C  0680     E  	andm a,rb
 199  002D  0700     E  	mov a,ra
 199  002E  0C01        	xor a,1
 199  002F  0500     E  	or a,rb
 199  0030  390A        	snz z
 199  0031  2800     R  	jmp _L26
 201  0032              #line 201 "D:\WORK\Project\Github\Holtel-MCU\Code\HT66FM5440\110V_hbridge\bdc_control.c"
 201  0032  1F00     R  	clr _direction[0]
 201  0033  1F00     R  	clr _direction[1]
 201  0034  2800     R  	jmp _L25
 201  0035              _L26:
 203  0035              #line 203 "D:\WORK\Project\Github\Holtel-MCU\Code\HT66FM5440\110V_hbridge\bdc_control.c"
 203  0035  0700     R  	mov a,_handle_key_2[0]
 203  0036  0080     E  	mov ra,a
"File: bdc_control.c  Assembler  Version HGASM0202      Page 11

 203  0037  1F00     E  	clr rb
 203  0038  0F07        	mov a,7  
 203  0039  0680     E  	andm a,ra  
 203  003A  0F00        	mov a,0  
 203  003B  0680     E  	andm a,rb
 203  003C  0700     E  	mov a,ra
 203  003D  0C02        	xor a,2
 203  003E  0500     E  	or a,rb
 203  003F  390A        	snz z
 203  0040  2800     R  	jmp _L28
 205  0041              #line 205 "D:\WORK\Project\Github\Holtel-MCU\Code\HT66FM5440\110V_hbridge\bdc_control.c"
 205  0041  0F01        	mov a,1
 205  0042  0080     R  	mov _direction[0],a
 205  0043  1F00     R  	clr _direction[1]
 205  0044  2800     R  	jmp _L25
 205  0045              _L28:
 208  0045              #line 208 "D:\WORK\Project\Github\Holtel-MCU\Code\HT66FM5440\110V_hbridge\bdc_control.c"
 208  0045  0F02        	mov a,2
 208  0046  0080     R  	mov _direction[0],a
 208  0047  1F00     R  	clr _direction[1]
 208  0048              _L25:
 208  0048  0003        	ret
 208  0049              _handle_key endp
 208  0049              #line 208 "D:\WORK\Project\Github\Holtel-MCU\Code\HT66FM5440\110V_hbridge\bdc_control.c"
 208  0049              #pragma debug scope 1 1
 208  0049              public _adc_sample
 208  0049              #pragma debug scope 4 1
 212  0049              #line 212 "D:\WORK\Project\Github\Holtel-MCU\Code\HT66FM5440\110V_hbridge\bdc_control.c"
 212  0000              _adc_sample .section 'code'
 212  0000              _adc_sample proc
 212  0000  0003        	ret
 212  0001              _adc_sample endp
 212  0001              #line 212 "D:\WORK\Project\Github\Holtel-MCU\Code\HT66FM5440\110V_hbridge\bdc_control.c"
 212  0001              #pragma debug scope 1 1
 212  0001              ___paps0 equ [378]
 212  0001              ___pdps0 equ [382]
 212  0001              ___pbpu equ [37]
 212  0001              ___pbc equ [39]
 212  0001              ___pa equ [35]
 212  0001              ___papu equ [34]
 212  0001              ___pac equ [36]
 212  0001              public _gpio_init
 212  0001              #pragma debug scope 5 1
 217  0001              #line 217 "D:\WORK\Project\Github\Holtel-MCU\Code\HT66FM5440\110V_hbridge\bdc_control.c"
 217  0000              _gpio_init .section 'code'
 217  0000              _gpio_init proc
 220  0000              #line 220 "D:\WORK\Project\Github\Holtel-MCU\Code\HT66FM5440\110V_hbridge\bdc_control.c"
 220  0000  B1FA 0001   	lset [378].3
 221  0002              #line 221 "D:\WORK\Project\Github\Holtel-MCU\Code\HT66FM5440\110V_hbridge\bdc_control.c"
 221  0002  B57A 0001   	lclr [378].2
 224  0004              #line 224 "D:\WORK\Project\Github\Holtel-MCU\Code\HT66FM5440\110V_hbridge\bdc_control.c"
 224  0004  877E 0001   	lmov a,[382]
 224  0006  0080     E  	mov ra,a
 224  0007  0FC0        	mov a,192
 224  0008  0680     E  	andm a,ra
 224  0009  0700     E  	mov a,ra
 224  000A  80FE 0001   	lmov [382],a
 226  000C              #line 226 "D:\WORK\Project\Github\Holtel-MCU\Code\HT66FM5440\110V_hbridge\bdc_control.c"
 226  000C  3026        	set [38].0
 227  000D              #line 227 "D:\WORK\Project\Github\Holtel-MCU\Code\HT66FM5440\110V_hbridge\bdc_control.c"
"File: bdc_control.c  Assembler  Version HGASM0202      Page 12

 227  000D  30A6        	set [38].1
 228  000E              #line 228 "D:\WORK\Project\Github\Holtel-MCU\Code\HT66FM5440\110V_hbridge\bdc_control.c"
 228  000E  3126        	set [38].2
 229  000F              #line 229 "D:\WORK\Project\Github\Holtel-MCU\Code\HT66FM5440\110V_hbridge\bdc_control.c"
 229  000F  3025        	set [37].0
 230  0010              #line 230 "D:\WORK\Project\Github\Holtel-MCU\Code\HT66FM5440\110V_hbridge\bdc_control.c"
 230  0010  30A5        	set [37].1
 231  0011              #line 231 "D:\WORK\Project\Github\Holtel-MCU\Code\HT66FM5440\110V_hbridge\bdc_control.c"
 231  0011  3125        	set [37].2
 232  0012              #line 232 "D:\WORK\Project\Github\Holtel-MCU\Code\HT66FM5440\110V_hbridge\bdc_control.c"
 232  0012  3027        	set [39].0
 233  0013              #line 233 "D:\WORK\Project\Github\Holtel-MCU\Code\HT66FM5440\110V_hbridge\bdc_control.c"
 233  0013  30A7        	set [39].1
 234  0014              #line 234 "D:\WORK\Project\Github\Holtel-MCU\Code\HT66FM5440\110V_hbridge\bdc_control.c"
 234  0014  3127        	set [39].2
 236  0015              #line 236 "D:\WORK\Project\Github\Holtel-MCU\Code\HT66FM5440\110V_hbridge\bdc_control.c"
 236  0015  31A3        	set [35].3
 237  0016              #line 237 "D:\WORK\Project\Github\Holtel-MCU\Code\HT66FM5440\110V_hbridge\bdc_control.c"
 237  0016  3223        	set [35].4
 238  0017              #line 238 "D:\WORK\Project\Github\Holtel-MCU\Code\HT66FM5440\110V_hbridge\bdc_control.c"
 238  0017  31A2        	set [34].3
 239  0018              #line 239 "D:\WORK\Project\Github\Holtel-MCU\Code\HT66FM5440\110V_hbridge\bdc_control.c"
 239  0018  3222        	set [34].4
 240  0019              #line 240 "D:\WORK\Project\Github\Holtel-MCU\Code\HT66FM5440\110V_hbridge\bdc_control.c"
 240  0019  31A4        	set [36].3
 241  001A              #line 241 "D:\WORK\Project\Github\Holtel-MCU\Code\HT66FM5440\110V_hbridge\bdc_control.c"
 241  001A  3224        	set [36].4
 244  001B              #line 244 "D:\WORK\Project\Github\Holtel-MCU\Code\HT66FM5440\110V_hbridge\bdc_control.c"
 244  001B  36A3        	clr [35].5
 245  001C              #line 245 "D:\WORK\Project\Github\Holtel-MCU\Code\HT66FM5440\110V_hbridge\bdc_control.c"
 245  001C  36A4        	clr [36].5
 245  001D  0003        	ret
 245  001E              _gpio_init endp
 245  001E              #line 245 "D:\WORK\Project\Github\Holtel-MCU\Code\HT66FM5440\110V_hbridge\bdc_control.c"
 245  001E              #pragma debug scope 1 1
 245  001E              ___pc equ [41]
 245  001E              ___pcc equ [42]
 245  001E              ___pwmcs equ [341]
 245  001E              ___dutr0h equ [89]
 245  001E              ___dutr0l equ [88]
 245  001E              ___prdrh equ [95]
 245  001E              ___prdrl equ [94]
 245  001E              ___mcf equ [100]
 245  001E              ___pwmme equ [98]
 245  001E              ___pwmmd equ [99]
 245  001E              ___plc equ [103]
 245  001E              ___mptc1 equ [75]
 245  001E              ___mptc2 equ [76]
 245  001E              ___ocps equ [68]
 245  001E              ___mfi1 equ [26]
 245  001E              public _pwm_init
 245  001E              #pragma debug scope 6 1
 250  001E              #line 250 "D:\WORK\Project\Github\Holtel-MCU\Code\HT66FM5440\110V_hbridge\bdc_control.c"
 250  0000              _pwm_init .section 'code'
 250  0000              _pwm_init proc
 252  0000              #line 252 "D:\WORK\Project\Github\Holtel-MCU\Code\HT66FM5440\110V_hbridge\bdc_control.c"
 252  0000  1F29        	clr [41]
 253  0001              #line 253 "D:\WORK\Project\Github\Holtel-MCU\Code\HT66FM5440\110V_hbridge\bdc_control.c"
 253  0001  1F2A        	clr [42]
 258  0002              #line 258 "D:\WORK\Project\Github\Holtel-MCU\Code\HT66FM5440\110V_hbridge\bdc_control.c"
"File: bdc_control.c  Assembler  Version HGASM0202      Page 13

 258  0002  37D7        	clr [87].7
 259  0003              #line 259 "D:\WORK\Project\Github\Holtel-MCU\Code\HT66FM5440\110V_hbridge\bdc_control.c"
 259  0003  3757        	clr [87].6
 261  0004              #line 261 "D:\WORK\Project\Github\Holtel-MCU\Code\HT66FM5440\110V_hbridge\bdc_control.c"
 261  0004  35D7        	clr [87].3
 262  0005              #line 262 "D:\WORK\Project\Github\Holtel-MCU\Code\HT66FM5440\110V_hbridge\bdc_control.c"
 262  0005  3657        	clr [87].4
 263  0006              #line 263 "D:\WORK\Project\Github\Holtel-MCU\Code\HT66FM5440\110V_hbridge\bdc_control.c"
 263  0006  36D7        	clr [87].5
 264  0007              #line 264 "D:\WORK\Project\Github\Holtel-MCU\Code\HT66FM5440\110V_hbridge\bdc_control.c"
 264  0007  3057        	set [87].0
 267  0008              #line 267 "D:\WORK\Project\Github\Holtel-MCU\Code\HT66FM5440\110V_hbridge\bdc_control.c"
 267  0008  B155 0001   	lset [341].2
 268  000A              #line 268 "D:\WORK\Project\Github\Holtel-MCU\Code\HT66FM5440\110V_hbridge\bdc_control.c"
 268  000A  B0D5 0001   	lset [341].1
 269  000C              #line 269 "D:\WORK\Project\Github\Holtel-MCU\Code\HT66FM5440\110V_hbridge\bdc_control.c"
 269  000C  B055 0001   	lset [341].0
 272  000E              #line 272 "D:\WORK\Project\Github\Holtel-MCU\Code\HT66FM5440\110V_hbridge\bdc_control.c"
 272  000E  1F59        	clr [89]
 273  000F              #line 273 "D:\WORK\Project\Github\Holtel-MCU\Code\HT66FM5440\110V_hbridge\bdc_control.c"
 273  000F  1F58        	clr [88]
 274  0010              #line 274 "D:\WORK\Project\Github\Holtel-MCU\Code\HT66FM5440\110V_hbridge\bdc_control.c"
 274  0010  B155 0001   	lset [341].2
 275  0012              #line 275 "D:\WORK\Project\Github\Holtel-MCU\Code\HT66FM5440\110V_hbridge\bdc_control.c"
 275  0012  0F03        	mov a,3
 275  0013  00DF        	mov [95],a
 276  0014              #line 276 "D:\WORK\Project\Github\Holtel-MCU\Code\HT66FM5440\110V_hbridge\bdc_control.c"
 276  0014  0F20        	mov a,32
 276  0015  00DE        	mov [94],a
 282  0016              #line 282 "D:\WORK\Project\Github\Holtel-MCU\Code\HT66FM5440\110V_hbridge\bdc_control.c"
 282  0016  33E4        	set [100].7
 284  0017              #line 284 "D:\WORK\Project\Github\Holtel-MCU\Code\HT66FM5440\110V_hbridge\bdc_control.c"
 284  0017  35E4        	clr [100].3
 285  0018              #line 285 "D:\WORK\Project\Github\Holtel-MCU\Code\HT66FM5440\110V_hbridge\bdc_control.c"
 285  0018  3164        	set [100].2
 286  0019              #line 286 "D:\WORK\Project\Github\Holtel-MCU\Code\HT66FM5440\110V_hbridge\bdc_control.c"
 286  0019  34E4        	clr [100].1
 287  001A              #line 287 "D:\WORK\Project\Github\Holtel-MCU\Code\HT66FM5440\110V_hbridge\bdc_control.c"
 287  001A  3064        	set [100].0
 290  001B              #line 290 "D:\WORK\Project\Github\Holtel-MCU\Code\HT66FM5440\110V_hbridge\bdc_control.c"
 290  001B  1F62        	clr [98]
 293  001C              #line 293 "D:\WORK\Project\Github\Holtel-MCU\Code\HT66FM5440\110V_hbridge\bdc_control.c"
 293  001C  1F63        	clr [99]
 304  001D              #line 304 "D:\WORK\Project\Github\Holtel-MCU\Code\HT66FM5440\110V_hbridge\bdc_control.c"
 304  001D  1F67        	clr [103]
 308  001E              #line 308 "D:\WORK\Project\Github\Holtel-MCU\Code\HT66FM5440\110V_hbridge\bdc_control.c"
 308  001E  37CB        	clr [75].7
 309  001F              #line 309 "D:\WORK\Project\Github\Holtel-MCU\Code\HT66FM5440\110V_hbridge\bdc_control.c"
 309  001F  364C        	clr [76].4
 310  0020              #line 310 "D:\WORK\Project\Github\Holtel-MCU\Code\HT66FM5440\110V_hbridge\bdc_control.c"
 310  0020  35CC        	clr [76].3
 311  0021              #line 311 "D:\WORK\Project\Github\Holtel-MCU\Code\HT66FM5440\110V_hbridge\bdc_control.c"
 311  0021  354C        	clr [76].2
 312  0022              #line 312 "D:\WORK\Project\Github\Holtel-MCU\Code\HT66FM5440\110V_hbridge\bdc_control.c"
 312  0022  34CC        	clr [76].1
 313  0023              #line 313 "D:\WORK\Project\Github\Holtel-MCU\Code\HT66FM5440\110V_hbridge\bdc_control.c"
 313  0023  344C        	clr [76].0
 315  0024              #line 315 "D:\WORK\Project\Github\Holtel-MCU\Code\HT66FM5440\110V_hbridge\bdc_control.c"
 315  0024  374B        	clr [75].6
 316  0025              #line 316 "D:\WORK\Project\Github\Holtel-MCU\Code\HT66FM5440\110V_hbridge\bdc_control.c"
"File: bdc_control.c  Assembler  Version HGASM0202      Page 14

 316  0025  354B        	clr [75].2
 317  0026              #line 317 "D:\WORK\Project\Github\Holtel-MCU\Code\HT66FM5440\110V_hbridge\bdc_control.c"
 317  0026  35CB        	clr [75].3
 318  0027              #line 318 "D:\WORK\Project\Github\Holtel-MCU\Code\HT66FM5440\110V_hbridge\bdc_control.c"
 318  0027  364B        	clr [75].4
 319  0028              #line 319 "D:\WORK\Project\Github\Holtel-MCU\Code\HT66FM5440\110V_hbridge\bdc_control.c"
 319  0028  36CB        	clr [75].5
 320  0029              #line 320 "D:\WORK\Project\Github\Holtel-MCU\Code\HT66FM5440\110V_hbridge\bdc_control.c"
 320  0029  344B        	clr [75].0
 323  002A              #line 323 "D:\WORK\Project\Github\Holtel-MCU\Code\HT66FM5440\110V_hbridge\bdc_control.c"
 323  002A  354C        	clr [76].2
 326  002B              #line 326 "D:\WORK\Project\Github\Holtel-MCU\Code\HT66FM5440\110V_hbridge\bdc_control.c"
 326  002B  1F44        	clr [68]
 328  002C              #line 328 "D:\WORK\Project\Github\Holtel-MCU\Code\HT66FM5440\110V_hbridge\bdc_control.c"
 328  002C  379A        	clr [26].7
 329  002D              #line 329 "D:\WORK\Project\Github\Holtel-MCU\Code\HT66FM5440\110V_hbridge\bdc_control.c"
 329  002D  3715        	clr [21].6
 330  002E              #line 330 "D:\WORK\Project\Github\Holtel-MCU\Code\HT66FM5440\110V_hbridge\bdc_control.c"
 330  002E  319A        	set [26].3
 331  002F              #line 331 "D:\WORK\Project\Github\Holtel-MCU\Code\HT66FM5440\110V_hbridge\bdc_control.c"
 331  002F  3195        	set [21].3
 331  0030  0003        	ret
 331  0031              _pwm_init endp
 331  0031              #line 331 "D:\WORK\Project\Github\Holtel-MCU\Code\HT66FM5440\110V_hbridge\bdc_control.c"
 331  0031              #pragma debug scope 1 1
 331  0031              ___pcps0 equ [380]
 331  0031              ___pcps1 equ [381]
 331  0031              public _ISR_PWM
 331  0031              #pragma debug scope 7 1
 337  0031              #line 337 "D:\WORK\Project\Github\Holtel-MCU\Code\HT66FM5440\110V_hbridge\bdc_control.c"
 337  0000              @ISR_PWM_code .section at 12 'code'
 337  0000              ifdef INTERRUPT_DELAY
 337  0000  0000        	nop
 337  0001              endif
 337  0001  0080     E  	mov r1,a
 337  0002  070A        	mov a,status
 337  0003              ifndef INTERRUPT_DELAY
 337  0003              	mov r2,a
 337  0003              endif
 337  0003  2800     R  	jmp _ISR_PWM
 337  0004              #pragma debug scope 1 1
 337  0004              @dummy12 endp
 337  0004              #pragma debug scope 8 1
 337  0000              _ISR_PWM .section 'code'
 337  0000              _ISR_PWM proc
 337  0000              ifdef INTERRUPT_DELAY
 337  0000  0080     E  	mov r2,a
 337  0001              endif
 338  0001              #line 338 "D:\WORK\Project\Github\Holtel-MCU\Code\HT66FM5440\110V_hbridge\bdc_control.c"
 338  0001              ;# 338 "D:\WORK\Project\Github\Holtel-MCU\Code\HT66FM5440\110V_hbridge\bdc_control.c" 1
 338  0001  0001        	clr wdt
 339  0002              #line 339 "D:\WORK\Project\Github\Holtel-MCU\Code\HT66FM5440\110V_hbridge\bdc_control.c"
 339  0002  379A        	clr [26].7
 340  0003              #line 340 "D:\WORK\Project\Github\Holtel-MCU\Code\HT66FM5440\110V_hbridge\bdc_control.c"
 340  0003  3715        	clr [21].6
 343  0004              #line 343 "D:\WORK\Project\Github\Holtel-MCU\Code\HT66FM5440\110V_hbridge\bdc_control.c"
 343  0004  0700     R  	mov a,_motor_state[0]
 343  0005  0080     E  	mov ra,a
 343  0006  1F00     E  	clr rb
 343  0007  0700     E  	mov a,ra
"File: bdc_control.c  Assembler  Version HGASM0202      Page 15

 343  0008  0500     E  	or a,rb
 343  0009  3D0A        	sz z
 343  000A  2800     R  	jmp _L34
 343  000B              #line 343 "D:\WORK\Project\Github\Holtel-MCU\Code\HT66FM5440\110V_hbridge\bdc_control.c"
 343  000B  0700     E  	mov a,ra
 343  000C  0C01        	xor a,1
 343  000D  0500     E  	or a,rb
 343  000E  3D0A        	sz z
 343  000F  2800     R  	jmp _L35
 343  0010  0700     E  	mov a,ra
 343  0011  0C02        	xor a,2
 343  0012  0500     E  	or a,rb
 343  0013  3D0A        	sz z
 343  0014  2800     R  	jmp _L36
 343  0015  0700     E  	mov a,ra
 343  0016  0C03        	xor a,3
 343  0017  0500     E  	or a,rb
 343  0018  3D0A        	sz z
 343  0019  2800     R  	jmp _L37
 343  001A  0700     E  	mov a,ra
 343  001B  0C04        	xor a,4
 343  001C  0500     E  	or a,rb
 343  001D  3D0A        	sz z
 343  001E  2800     R  	jmp _L38
 343  001F  2800     R  	jmp _L32
 343  0020              _L34:
 343  0020              #pragma debug scope 9 8
 343  0020              ;begin block, line: 343.-1
 346  0020              #line 346 "D:\WORK\Project\Github\Holtel-MCU\Code\HT66FM5440\110V_hbridge\bdc_control.c"
 346  0020  0700     R  	mov a,_pwmduty_now[0]
 346  0021  0080     E  	mov ra,a
 346  0022  0700     R  	mov a,_pwmduty_now[1]
 346  0023  0080     E  	mov rb,a
 346  0024  0700     E  	mov a,rb
 346  0025  0080     E  	mov ra,a
 346  0026  1F00     E  	clr rb
 346  0027  0700     E  	mov a,ra
 346  0028  00D9        	mov [89],a
 346  0029  0700     R  	mov a,_pwmduty_now[0]
 346  002A  0080     E  	mov ra,a
 346  002B  0700     R  	mov a,_pwmduty_now[1]
 346  002C  0080     E  	mov rb,a
 346  002D  0700     E  	mov a,ra
 346  002E  00D8        	mov [88],a
 346  002F  0F01        	mov a,1
 346  0030  0080     E  	mov ra,a
 346  0031  0F01        	mov a,1
 346  0032  0680     E  	andm a,ra
 346  0033  0700     E  	mov a,ra
 346  0034  0380     E  	addm a,ra
 346  0035  0700     E  	mov a,ra
 346  0036  0380     E  	addm a,ra
 346  0037  B555 0001   	lclr [341].2
 346  0039  0700     E  	mov a,ra
 346  003A  85D5 0001   	lorm a,[341]
 346  003C              #pragma debug scope 8 1
 346  003C              #pragma debug scope 10 8
 346  003C              ;begin block, line: 346.-1
 347  003C              #line 347 "D:\WORK\Project\Github\Holtel-MCU\Code\HT66FM5440\110V_hbridge\bdc_control.c"
 347  003C  1F29        	clr [41]
"File: bdc_control.c  Assembler  Version HGASM0202      Page 16

 347  003D  9F7C 0001   	lclr [380]
 347  003F  1F00     E  	clr ra
 347  0040  0700     E  	mov a,ra
 347  0041  80FD 0001   	lmov [381],a
 347  0043              #pragma debug scope 8 1
 348  0043              #line 348 "D:\WORK\Project\Github\Holtel-MCU\Code\HT66FM5440\110V_hbridge\bdc_control.c"
 348  0043  2800     R  	jmp _L32
 348  0044              _L35:
 348  0044              #pragma debug scope 11 8
 348  0044              ;begin block, line: 348.-1
 350  0044              #line 350 "D:\WORK\Project\Github\Holtel-MCU\Code\HT66FM5440\110V_hbridge\bdc_control.c"
 350  0044  0700     R  	mov a,_pwmduty_now[0]
 350  0045  0080     E  	mov ra,a
 350  0046  0700     R  	mov a,_pwmduty_now[1]
 350  0047  0080     E  	mov rb,a
 350  0048  0700     E  	mov a,rb
 350  0049  0080     E  	mov ra,a
 350  004A  1F00     E  	clr rb
 350  004B  0700     E  	mov a,ra
 350  004C  00D9        	mov [89],a
 350  004D  0700     R  	mov a,_pwmduty_now[0]
 350  004E  0080     E  	mov ra,a
 350  004F  0700     R  	mov a,_pwmduty_now[1]
 350  0050  0080     E  	mov rb,a
 350  0051  0700     E  	mov a,ra
 350  0052  00D8        	mov [88],a
 350  0053  0F01        	mov a,1
 350  0054  0080     E  	mov ra,a
 350  0055  0F01        	mov a,1
 350  0056  0680     E  	andm a,ra
 350  0057  0700     E  	mov a,ra
 350  0058  0380     E  	addm a,ra
 350  0059  0700     E  	mov a,ra
 350  005A  0380     E  	addm a,ra
 350  005B  B555 0001   	lclr [341].2
 350  005D  0700     E  	mov a,ra
 350  005E  85D5 0001   	lorm a,[341]
 350  0060              #pragma debug scope 8 1
 350  0060              #pragma debug scope 12 8
 350  0060              ;begin block, line: 350.-1
 351  0060              #line 351 "D:\WORK\Project\Github\Holtel-MCU\Code\HT66FM5440\110V_hbridge\bdc_control.c"
 351  0060  0F28        	mov a,40
 351  0061  00A9        	mov [41],a
 351  0062  9F7C 0001   	lclr [380]
 351  0064  1F00     E  	clr ra
 351  0065  0700     E  	mov a,ra
 351  0066  80FD 0001   	lmov [381],a
 351  0068              #pragma debug scope 8 1
 352  0068              #line 352 "D:\WORK\Project\Github\Holtel-MCU\Code\HT66FM5440\110V_hbridge\bdc_control.c"
 352  0068  2800     R  	jmp _L32
 352  0069              _L36:
 352  0069              #pragma debug scope 13 8
 352  0069              ;begin block, line: 352.-1
 354  0069              #line 354 "D:\WORK\Project\Github\Holtel-MCU\Code\HT66FM5440\110V_hbridge\bdc_control.c"
 354  0069  0700     R  	mov a,_pwmduty_now[0]
 354  006A  0080     E  	mov ra,a
 354  006B  0700     R  	mov a,_pwmduty_now[1]
 354  006C  0080     E  	mov rb,a
 354  006D  0700     E  	mov a,rb
 354  006E  0080     E  	mov ra,a
"File: bdc_control.c  Assembler  Version HGASM0202      Page 17

 354  006F  1F00     E  	clr rb
 354  0070  0700     E  	mov a,ra
 354  0071  00D9        	mov [89],a
 354  0072  0700     R  	mov a,_pwmduty_now[0]
 354  0073  0080     E  	mov ra,a
 354  0074  0700     R  	mov a,_pwmduty_now[1]
 354  0075  0080     E  	mov rb,a
 354  0076  0700     E  	mov a,ra
 354  0077  00D8        	mov [88],a
 354  0078  0F01        	mov a,1
 354  0079  0080     E  	mov ra,a
 354  007A  0F01        	mov a,1
 354  007B  0680     E  	andm a,ra
 354  007C  0700     E  	mov a,ra
 354  007D  0380     E  	addm a,ra
 354  007E  0700     E  	mov a,ra
 354  007F  0380     E  	addm a,ra
 354  0080  B555 0001   	lclr [341].2
 354  0082  0700     E  	mov a,ra
 354  0083  85D5 0001   	lorm a,[341]
 354  0085              #pragma debug scope 8 1
 354  0085              #pragma debug scope 14 8
 354  0085              ;begin block, line: 354.-1
 355  0085              #line 355 "D:\WORK\Project\Github\Holtel-MCU\Code\HT66FM5440\110V_hbridge\bdc_control.c"
 355  0085  1F29        	clr [41]
 355  0086  0F80        	mov a,128
 355  0087  80FC 0001   	lmov [380],a
 355  0089  0F08        	mov a,8
 355  008A  0080     E  	mov ra,a
 355  008B  0700     E  	mov a,ra
 355  008C  80FD 0001   	lmov [381],a
 355  008E              #pragma debug scope 8 1
 356  008E              #line 356 "D:\WORK\Project\Github\Holtel-MCU\Code\HT66FM5440\110V_hbridge\bdc_control.c"
 356  008E  2800     R  	jmp _L32
 356  008F              _L37:
 356  008F              #pragma debug scope 15 8
 356  008F              ;begin block, line: 356.-1
 358  008F              #line 358 "D:\WORK\Project\Github\Holtel-MCU\Code\HT66FM5440\110V_hbridge\bdc_control.c"
 358  008F  0700     R  	mov a,_pwmduty_now[0]
 358  0090  0080     E  	mov ra,a
 358  0091  0700     R  	mov a,_pwmduty_now[1]
 358  0092  0080     E  	mov rb,a
 358  0093  0700     E  	mov a,rb
 358  0094  0080     E  	mov ra,a
 358  0095  1F00     E  	clr rb
 358  0096  0700     E  	mov a,ra
 358  0097  00D9        	mov [89],a
 358  0098  0700     R  	mov a,_pwmduty_now[0]
 358  0099  0080     E  	mov ra,a
 358  009A  0700     R  	mov a,_pwmduty_now[1]
 358  009B  0080     E  	mov rb,a
 358  009C  0700     E  	mov a,ra
 358  009D  00D8        	mov [88],a
 358  009E  0F01        	mov a,1
 358  009F  0080     E  	mov ra,a
 358  00A0  0F01        	mov a,1
 358  00A1  0680     E  	andm a,ra
 358  00A2  0700     E  	mov a,ra
 358  00A3  0380     E  	addm a,ra
 358  00A4  0700     E  	mov a,ra
"File: bdc_control.c  Assembler  Version HGASM0202      Page 18

 358  00A5  0380     E  	addm a,ra
 358  00A6  B555 0001   	lclr [341].2
 358  00A8  0700     E  	mov a,ra
 358  00A9  85D5 0001   	lorm a,[341]
 358  00AB              #pragma debug scope 8 1
 358  00AB              #pragma debug scope 16 8
 358  00AB              ;begin block, line: 358.-1
 359  00AB              #line 359 "D:\WORK\Project\Github\Holtel-MCU\Code\HT66FM5440\110V_hbridge\bdc_control.c"
 359  00AB  0F20        	mov a,32
 359  00AC  00A9        	mov [41],a
 359  00AD  0FA0        	mov a,160
 359  00AE  80FC 0001   	lmov [380],a
 359  00B0  1F00     E  	clr ra
 359  00B1  0700     E  	mov a,ra
 359  00B2  80FD 0001   	lmov [381],a
 359  00B4              #pragma debug scope 8 1
 360  00B4              #line 360 "D:\WORK\Project\Github\Holtel-MCU\Code\HT66FM5440\110V_hbridge\bdc_control.c"
 360  00B4  2800     R  	jmp _L32
 360  00B5              _L38:
 360  00B5              #pragma debug scope 17 8
 360  00B5              ;begin block, line: 360.-1
 362  00B5              #line 362 "D:\WORK\Project\Github\Holtel-MCU\Code\HT66FM5440\110V_hbridge\bdc_control.c"
 362  00B5  0700     R  	mov a,_pwmduty_now[0]
 362  00B6  0080     E  	mov ra,a
 362  00B7  0700     R  	mov a,_pwmduty_now[1]
 362  00B8  0080     E  	mov rb,a
 362  00B9  0700     E  	mov a,rb
 362  00BA  0080     E  	mov ra,a
 362  00BB  1F00     E  	clr rb
 362  00BC  0700     E  	mov a,ra
 362  00BD  00D9        	mov [89],a
 362  00BE  0700     R  	mov a,_pwmduty_now[0]
 362  00BF  0080     E  	mov ra,a
 362  00C0  0700     R  	mov a,_pwmduty_now[1]
 362  00C1  0080     E  	mov rb,a
 362  00C2  0700     E  	mov a,ra
 362  00C3  00D8        	mov [88],a
 362  00C4  0F01        	mov a,1
 362  00C5  0080     E  	mov ra,a
 362  00C6  0F01        	mov a,1
 362  00C7  0680     E  	andm a,ra
 362  00C8  0700     E  	mov a,ra
 362  00C9  0380     E  	addm a,ra
 362  00CA  0700     E  	mov a,ra
 362  00CB  0380     E  	addm a,ra
 362  00CC  B555 0001   	lclr [341].2
 362  00CE  0700     E  	mov a,ra
 362  00CF  85D5 0001   	lorm a,[341]
 362  00D1              #pragma debug scope 8 1
 362  00D1              #pragma debug scope 18 8
 362  00D1              ;begin block, line: 362.-1
 363  00D1              #line 363 "D:\WORK\Project\Github\Holtel-MCU\Code\HT66FM5440\110V_hbridge\bdc_control.c"
 363  00D1  0F08        	mov a,8
 363  00D2  00A9        	mov [41],a
 363  00D3  9F7C 0001   	lclr [380]
 363  00D5  0F0A        	mov a,10
 363  00D6  0080     E  	mov ra,a
 363  00D7  0700     E  	mov a,ra
 363  00D8  80FD 0001   	lmov [381],a
 363  00DA              #pragma debug scope 8 1
"File: bdc_control.c  Assembler  Version HGASM0202      Page 19

 364  00DA              #line 364 "D:\WORK\Project\Github\Holtel-MCU\Code\HT66FM5440\110V_hbridge\bdc_control.c"
 364  00DA              	;nop
 364  00DA              _L32:
 364  00DA  0700     E  	mov a,r2
 364  00DB  008A        	mov status,a
 364  00DC  0700     E  	mov a,r1
 364  00DD  0004        	reti
 364  00DE              _ISR_PWM endp
 364  00DE              
 364  00DE              #line 364 "D:\WORK\Project\Github\Holtel-MCU\Code\HT66FM5440\110V_hbridge\bdc_control.c"
 364  00DE              #pragma debug scope 1 1
 364  00DE              ___paps1 equ [379]
 364  00DE              ___adcr0 equ [56]
 364  00DE              ___adcr1 equ [57]
 364  00DE              ___adcr2 equ [58]
 364  00DE              ___adcr3 equ [324]
 364  00DE              ___addl equ [61]
 364  00DE              ___adbyps equ [321]
 364  00DE              ___mfi2 equ [27]
 364  00DE              public _adc_init
 364  00DE              #pragma debug scope 19 1
 369  00DE              #line 369 "D:\WORK\Project\Github\Holtel-MCU\Code\HT66FM5440\110V_hbridge\bdc_control.c"
 369  0000              _adc_init .section 'code'
 369  0000              _adc_init proc
 369  0000  00              local _adc_init_2 db 1 dup(?)	; 0,1
 369  0000  0080     R  	mov _adc_init_2[0],a
 369  0001              #pragma debug variable 8 19 _adc_init_2+0 "res"
 370  0001              #line 370 "D:\WORK\Project\Github\Holtel-MCU\Code\HT66FM5440\110V_hbridge\bdc_control.c"
 370  0001  B7FB 0001   	lclr [379].7
 371  0003              #line 371 "D:\WORK\Project\Github\Holtel-MCU\Code\HT66FM5440\110V_hbridge\bdc_control.c"
 371  0003  B37B 0001   	lset [379].6
 373  0005              #line 373 "D:\WORK\Project\Github\Holtel-MCU\Code\HT66FM5440\110V_hbridge\bdc_control.c"
 373  0005  B4FE 0001   	lclr [382].1
 374  0007              #line 374 "D:\WORK\Project\Github\Holtel-MCU\Code\HT66FM5440\110V_hbridge\bdc_control.c"
 374  0007  B07E 0001   	lset [382].0
 376  0009              #line 376 "D:\WORK\Project\Github\Holtel-MCU\Code\HT66FM5440\110V_hbridge\bdc_control.c"
 376  0009  B2FB 0001   	lset [379].5
 377  000B              #line 377 "D:\WORK\Project\Github\Holtel-MCU\Code\HT66FM5440\110V_hbridge\bdc_control.c"
 377  000B  B67B 0001   	lclr [379].4
 381  000D              #line 381 "D:\WORK\Project\Github\Holtel-MCU\Code\HT66FM5440\110V_hbridge\bdc_control.c"
 381  000D  3238        	set [56].4
 387  000E              #line 387 "D:\WORK\Project\Github\Holtel-MCU\Code\HT66FM5440\110V_hbridge\bdc_control.c"
 387  000E  36B8        	clr [56].5
 389  000F              #line 389 "D:\WORK\Project\Github\Holtel-MCU\Code\HT66FM5440\110V_hbridge\bdc_control.c"
 389  000F  35B8        	clr [56].3
 390  0010              #line 390 "D:\WORK\Project\Github\Holtel-MCU\Code\HT66FM5440\110V_hbridge\bdc_control.c"
 390  0010  3538        	clr [56].2
 391  0011              #line 391 "D:\WORK\Project\Github\Holtel-MCU\Code\HT66FM5440\110V_hbridge\bdc_control.c"
 391  0011  34B8        	clr [56].1
 392  0012              #line 392 "D:\WORK\Project\Github\Holtel-MCU\Code\HT66FM5440\110V_hbridge\bdc_control.c"
 392  0012  3438        	clr [56].0
 395  0013              #line 395 "D:\WORK\Project\Github\Holtel-MCU\Code\HT66FM5440\110V_hbridge\bdc_control.c"
 395  0013  3739        	clr [57].6
 396  0014              #line 396 "D:\WORK\Project\Github\Holtel-MCU\Code\HT66FM5440\110V_hbridge\bdc_control.c"
 396  0014  32B9        	set [57].5
 397  0015              #line 397 "D:\WORK\Project\Github\Holtel-MCU\Code\HT66FM5440\110V_hbridge\bdc_control.c"
 397  0015  3239        	set [57].4
 398  0016              #line 398 "D:\WORK\Project\Github\Holtel-MCU\Code\HT66FM5440\110V_hbridge\bdc_control.c"
 398  0016  35B9        	clr [57].3
 401  0017              #line 401 "D:\WORK\Project\Github\Holtel-MCU\Code\HT66FM5440\110V_hbridge\bdc_control.c"
"File: bdc_control.c  Assembler  Version HGASM0202      Page 20

 401  0017  3539        	clr [57].2
 402  0018              #line 402 "D:\WORK\Project\Github\Holtel-MCU\Code\HT66FM5440\110V_hbridge\bdc_control.c"
 402  0018  30B9        	set [57].1
 403  0019              #line 403 "D:\WORK\Project\Github\Holtel-MCU\Code\HT66FM5440\110V_hbridge\bdc_control.c"
 403  0019  3439        	clr [57].0
 406  001A              #line 406 "D:\WORK\Project\Github\Holtel-MCU\Code\HT66FM5440\110V_hbridge\bdc_control.c"
 406  001A  0700     R  	mov a,_adc_init_2[0]
 406  001B  0E01        	and a,1
 406  001C  0080     E  	mov ra,a
 406  001D  0F01        	mov a,1
 406  001E  0680     E  	andm a,ra
 406  001F  1900     E  	rra ra
 406  0020  1985        	rr acc
 406  0021  0EC0        	and a,0c0h
 406  0022  0080     E  	mov ra,a
 406  0023  373A        	clr [58].6
 406  0024  0700     E  	mov a,ra
 406  0025  05BA        	orm a,[58]
 407  0026              #line 407 "D:\WORK\Project\Github\Holtel-MCU\Code\HT66FM5440\110V_hbridge\bdc_control.c"
 407  0026  36BA        	clr [58].5
 408  0027              #line 408 "D:\WORK\Project\Github\Holtel-MCU\Code\HT66FM5440\110V_hbridge\bdc_control.c"
 408  0027  363A        	clr [58].4
 411  0028              #line 411 "D:\WORK\Project\Github\Holtel-MCU\Code\HT66FM5440\110V_hbridge\bdc_control.c"
 411  0028  B044 0001   	lset [324].0
 414  002A              #line 414 "D:\WORK\Project\Github\Holtel-MCU\Code\HT66FM5440\110V_hbridge\bdc_control.c"
 414  002A  1F3D        	clr [61]
 416  002B              #line 416 "D:\WORK\Project\Github\Holtel-MCU\Code\HT66FM5440\110V_hbridge\bdc_control.c"
 416  002B  B3C1 0001   	lset [321].7
 419  002D              #line 419 "D:\WORK\Project\Github\Holtel-MCU\Code\HT66FM5440\110V_hbridge\bdc_control.c"
 419  002D  361B        	clr [27].4
 420  002E              #line 420 "D:\WORK\Project\Github\Holtel-MCU\Code\HT66FM5440\110V_hbridge\bdc_control.c"
 420  002E  341B        	clr [27].0
 420  002F  0003        	ret
 420  0030              _adc_init endp
 420  0030              #line 420 "D:\WORK\Project\Github\Holtel-MCU\Code\HT66FM5440\110V_hbridge\bdc_control.c"
 420  0030              #pragma debug scope 1 1
 420  0030              ___pbps1 equ [67]
 420  0030              ___ucr1 equ [110]
 420  0030              ___ucr2 equ [111]
 420  0030              ___brg equ [112]
 420  0030              ___mfi7 equ [32]
 420  0030              ___intc3 equ [24]
 420  0030              public _uart_init
 420  0030              #pragma debug scope 20 1
 424  0030              #line 424 "D:\WORK\Project\Github\Holtel-MCU\Code\HT66FM5440\110V_hbridge\bdc_control.c"
 424  0000              _uart_init .section 'code'
 424  0000              _uart_init proc
 424  0000  00              local _uart_init_2 db 1 dup(?)	; 0,1
 424  0001              #pragma debug variable 8 20 _uart_init_2+0 "i"
 427  0001              #line 427 "D:\WORK\Project\Github\Holtel-MCU\Code\HT66FM5440\110V_hbridge\bdc_control.c"
 427  0000  3243        	set [67].4
 428  0001              #line 428 "D:\WORK\Project\Github\Holtel-MCU\Code\HT66FM5440\110V_hbridge\bdc_control.c"
 428  0001  36C3        	clr [67].5
 429  0002              #line 429 "D:\WORK\Project\Github\Holtel-MCU\Code\HT66FM5440\110V_hbridge\bdc_control.c"
 429  0002  3343        	set [67].6
 430  0003              #line 430 "D:\WORK\Project\Github\Holtel-MCU\Code\HT66FM5440\110V_hbridge\bdc_control.c"
 430  0003  37C3        	clr [67].7
 432  0004              #line 432 "D:\WORK\Project\Github\Holtel-MCU\Code\HT66FM5440\110V_hbridge\bdc_control.c"
 432  0004  0F80        	mov a,128
 432  0005  00EE        	mov [110],a
"File: bdc_control.c  Assembler  Version HGASM0202      Page 21

 433  0006              #line 433 "D:\WORK\Project\Github\Holtel-MCU\Code\HT66FM5440\110V_hbridge\bdc_control.c"
 433  0006  0FE4        	mov a,228
 433  0007  00EF        	mov [111],a
 434  0008              #line 434 "D:\WORK\Project\Github\Holtel-MCU\Code\HT66FM5440\110V_hbridge\bdc_control.c"
 434  0008  0F67        	mov a,103
 434  0009  00F0        	mov [112],a
 436  000A              #line 436 "D:\WORK\Project\Github\Holtel-MCU\Code\HT66FM5440\110V_hbridge\bdc_control.c"
 436  000A  36A0        	clr [32].5
 437  000B              #line 437 "D:\WORK\Project\Github\Holtel-MCU\Code\HT66FM5440\110V_hbridge\bdc_control.c"
 437  000B  30A0        	set [32].1
 439  000C              #line 439 "D:\WORK\Project\Github\Holtel-MCU\Code\HT66FM5440\110V_hbridge\bdc_control.c"
 439  000C  3798        	clr [24].7
 440  000D              #line 440 "D:\WORK\Project\Github\Holtel-MCU\Code\HT66FM5440\110V_hbridge\bdc_control.c"
 440  000D  3198        	set [24].3
 442  000E              #line 442 "D:\WORK\Project\Github\Holtel-MCU\Code\HT66FM5440\110V_hbridge\bdc_control.c"
 442  000E  1F00     R  	clr _rxcnt[0]
 443  000F              #line 443 "D:\WORK\Project\Github\Holtel-MCU\Code\HT66FM5440\110V_hbridge\bdc_control.c"
 443  000F  1F00     R  	clr _uart_init_2[0]
 443  0010  2800     R  	jmp _L41
 443  0011              _L42:
 445  0011              #line 445 "D:\WORK\Project\Github\Holtel-MCU\Code\HT66FM5440\110V_hbridge\bdc_control.c"
 445  0011  0700     R  	mov a,_uart_init_2[0]
 445  0012  0080     E  	mov ra,a
 445  0013  1F00     E  	clr rb
 445  0014  0F00     R  	mov a,low offset _rxbuff
 445  0015  0380     E  	addm a,ra
 445  0016  0F00     R  	mov a,high offset _rxbuff
 445  0017  1380     E  	adcm a,rb
 445  0018  0700     E  	mov a,ra
 445  0019  0083        	mov mp,a
 445  001A  0700     E  	mov a,rb
 445  001B  0084        	mov sbp,a
 445  001C  0F00        	mov a,0
 445  001D  0082        	mov ir,a
 443  001E              #line 443 "D:\WORK\Project\Github\Holtel-MCU\Code\HT66FM5440\110V_hbridge\bdc_control.c"
 443  001E  0700     R  	mov a,_uart_init_2[0]
 443  001F  0080     E  	mov ra,a
 443  0020  1400     E  	inca ra
 443  0021  0080     R  	mov _uart_init_2[0],a
 443  0022              _L41:
 443  0022  0F05        	mov a,5
 443  0023  0200     R  	sub a,_uart_init_2[0]
 443  0024  3C0A        	sz c
 443  0025  2800     R  	jmp _L42
 443  0026  0003        	ret
 443  0027              _uart_init endp
 443  0027              #line 443 "D:\WORK\Project\Github\Holtel-MCU\Code\HT66FM5440\110V_hbridge\bdc_control.c"
 443  0027              #pragma debug scope 1 1
 443  0027              ___tbc equ [275]
 443  0027              public _timeBase_init
 443  0027              #pragma debug scope 21 1
 450  0027              #line 450 "D:\WORK\Project\Github\Holtel-MCU\Code\HT66FM5440\110V_hbridge\bdc_control.c"
 450  0000              _timeBase_init .section 'code'
 450  0000              _timeBase_init proc
 451  0000              #line 451 "D:\WORK\Project\Github\Holtel-MCU\Code\HT66FM5440\110V_hbridge\bdc_control.c"
 451  0000  0FC0        	mov a,192
 451  0001  8093 0001   	lmov [275],a
 452  0003              #line 452 "D:\WORK\Project\Github\Holtel-MCU\Code\HT66FM5440\110V_hbridge\bdc_control.c"
 452  0003  31A0        	set [32].3
 453  0004              #line 453 "D:\WORK\Project\Github\Holtel-MCU\Code\HT66FM5440\110V_hbridge\bdc_control.c"
"File: bdc_control.c  Assembler  Version HGASM0202      Page 22

 453  0004  37A0        	clr [32].7
 454  0005              #line 454 "D:\WORK\Project\Github\Holtel-MCU\Code\HT66FM5440\110V_hbridge\bdc_control.c"
 454  0005  3198        	set [24].3
 455  0006              #line 455 "D:\WORK\Project\Github\Holtel-MCU\Code\HT66FM5440\110V_hbridge\bdc_control.c"
 455  0006  3798        	clr [24].7
 455  0007  0003        	ret
 455  0008              _timeBase_init endp
 455  0008              #line 455 "D:\WORK\Project\Github\Holtel-MCU\Code\HT66FM5440\110V_hbridge\bdc_control.c"
 455  0008              #pragma debug scope 1 1
 455  0008              ___usr equ [109]
 455  0008              ___txr_rxr equ [113]
 455  0008              public _ISR_TimeBase_Uart
 455  0008              #pragma debug scope 22 1
 459  0008              #line 459 "D:\WORK\Project\Github\Holtel-MCU\Code\HT66FM5440\110V_hbridge\bdc_control.c"
 459  0000              @ISR_TimeBase_Uart_code .section at 60 'code'
 459  0000              ifdef INTERRUPT_DELAY
 459  0000  0000        	nop
 459  0001              endif
 459  0001  0080     E  	mov r1,a
 459  0002  070A        	mov a,status
 459  0003              ifndef INTERRUPT_DELAY
 459  0003              	mov r2,a
 459  0003              endif
 459  0003  2800     R  	jmp _ISR_TimeBase_Uart
 459  0004              #pragma debug scope 1 1
 459  0004              @dummy60 endp
 459  0004              #pragma debug scope 23 1
 459  0000              _ISR_TimeBase_Uart .section 'code'
 459  0000              _ISR_TimeBase_Uart proc
 459  0000  00          local _ISR_TimeBase_Uart_2 db 1 dup(?)
 459  0000              ifdef INTERRUPT_DELAY
 459  0000  0080     E  	mov r2,a
 459  0001              endif
 459  0001  0703        	mov a,mp
 459  0002  0080     E  	mov r3,a
 459  0003  0704        	mov a,sbp
 459  0004  0080     E  	mov r4,a
 459  0005              #pragma debug variable 8 23 _ISR_TimeBase_Uart_2+0 "i"
 463  0005              #line 463 "D:\WORK\Project\Github\Holtel-MCU\Code\HT66FM5440\110V_hbridge\bdc_control.c"
 463  0005              ;# 463 "D:\WORK\Project\Github\Holtel-MCU\Code\HT66FM5440\110V_hbridge\bdc_control.c" 1
 463  0005  0001        	clr wdt
 465  0006              #line 465 "D:\WORK\Project\Github\Holtel-MCU\Code\HT66FM5440\110V_hbridge\bdc_control.c"
 465  0006  3798        	clr [24].7
 467  0007              #line 467 "D:\WORK\Project\Github\Holtel-MCU\Code\HT66FM5440\110V_hbridge\bdc_control.c"
 467  0007  0720        	mov a,[32]
 467  0008  0080     E  	mov ra,a
 467  0009  0F20        	mov a,32
 467  000A  0680     E  	andm a,ra
 467  000B  1E00     E  	snz ra
 467  000C  2800     R  	jmp _L45
 469  000D              #line 469 "D:\WORK\Project\Github\Holtel-MCU\Code\HT66FM5440\110V_hbridge\bdc_control.c"
 469  000D  36A0        	clr [32].5
 471  000E              #line 471 "D:\WORK\Project\Github\Holtel-MCU\Code\HT66FM5440\110V_hbridge\bdc_control.c"
 471  000E  076D        	mov a,[109]
 471  000F  0080     E  	mov ra,a
 471  0010  0F04        	mov a,4
 471  0011  0680     E  	andm a,ra
 471  0012  1E00     E  	snz ra
 471  0013  2800     R  	jmp _L45
 473  0014              #line 473 "D:\WORK\Project\Github\Holtel-MCU\Code\HT66FM5440\110V_hbridge\bdc_control.c"
"File: bdc_control.c  Assembler  Version HGASM0202      Page 23

 473  0014  0771        	mov a,[113]
 473  0015  0080     E  	mov ra,a
 473  0016  0700     E  	mov a,ra
 473  0017  0A23        	sub a,35
 473  0018  390A        	snz z
 473  0019  2800     R  	jmp _L46
 475  001A              #line 475 "D:\WORK\Project\Github\Holtel-MCU\Code\HT66FM5440\110V_hbridge\bdc_control.c"
 475  001A  1F00     R  	clr _rxcnt[0]
 476  001B              #line 476 "D:\WORK\Project\Github\Holtel-MCU\Code\HT66FM5440\110V_hbridge\bdc_control.c"
 476  001B  1F00     R  	clr _ISR_TimeBase_Uart_2[0]
 476  001C  2800     R  	jmp _L47
 476  001D              _L48:
 478  001D              #line 478 "D:\WORK\Project\Github\Holtel-MCU\Code\HT66FM5440\110V_hbridge\bdc_control.c"
 478  001D  0700     R  	mov a,_ISR_TimeBase_Uart_2[0]
 478  001E  0080     E  	mov ra,a
 478  001F  1F00     E  	clr rb
 478  0020  0F00     R  	mov a,low offset _rxbuff
 478  0021  0380     E  	addm a,ra
 478  0022  0F00     R  	mov a,high offset _rxbuff
 478  0023  1380     E  	adcm a,rb
 478  0024  0700     E  	mov a,ra
 478  0025  0083        	mov mp,a
 478  0026  0700     E  	mov a,rb
 478  0027  0084        	mov sbp,a
 478  0028  0F00        	mov a,0
 478  0029  0082        	mov ir,a
 476  002A              #line 476 "D:\WORK\Project\Github\Holtel-MCU\Code\HT66FM5440\110V_hbridge\bdc_control.c"
 476  002A  0700     R  	mov a,_ISR_TimeBase_Uart_2[0]
 476  002B  0080     E  	mov ra,a
 476  002C  1400     E  	inca ra
 476  002D  0080     R  	mov _ISR_TimeBase_Uart_2[0],a
 476  002E              _L47:
 476  002E  0F05        	mov a,5
 476  002F  0200     R  	sub a,_ISR_TimeBase_Uart_2[0]
 476  0030  3C0A        	sz c
 476  0031  2800     R  	jmp _L48
 476  0032  2800     R  	jmp _L45
 476  0033              _L46:
 481  0033              #line 481 "D:\WORK\Project\Github\Holtel-MCU\Code\HT66FM5440\110V_hbridge\bdc_control.c"
 481  0033  0700     R  	mov a,_rxcnt[0]
 481  0034  0080     E  	mov ra,a
 481  0035  0F05        	mov a,5
 481  0036  0200     E  	sub a,ra
 481  0037  380A        	snz c
 481  0038  2800     R  	jmp _L45
 483  0039              #line 483 "D:\WORK\Project\Github\Holtel-MCU\Code\HT66FM5440\110V_hbridge\bdc_control.c"
 483  0039  0700     R  	mov a,_rxcnt[0]
 483  003A  0080     E  	mov ra,a
 483  003B  1F00     E  	clr rb
 483  003C  0771        	mov a,[113]
 483  003D  0080     E  	mov rc,a
 483  003E  0F00     R  	mov a,low offset _rxbuff
 483  003F  0380     E  	addm a,ra
 483  0040  0F00     R  	mov a,high offset _rxbuff
 483  0041  1380     E  	adcm a,rb
 483  0042  0700     E  	mov a,ra
 483  0043  0083        	mov mp,a
 483  0044  0700     E  	mov a,rb
 483  0045  0084        	mov sbp,a
 483  0046  0700     E  	mov a,rc
"File: bdc_control.c  Assembler  Version HGASM0202      Page 24

 483  0047  0082        	mov ir,a
 484  0048              #line 484 "D:\WORK\Project\Github\Holtel-MCU\Code\HT66FM5440\110V_hbridge\bdc_control.c"
 484  0048  0700     R  	mov a,_rxcnt[0]
 484  0049  0080     E  	mov ra,a
 484  004A  1480     E  	inc ra
 484  004B  0700     E  	mov a,ra
 484  004C  0080     R  	mov _rxcnt[0],a
 484  004D              _L45:
 489  004D              #line 489 "D:\WORK\Project\Github\Holtel-MCU\Code\HT66FM5440\110V_hbridge\bdc_control.c"
 489  004D  0720        	mov a,[32]
 489  004E  0080     E  	mov ra,a
 489  004F  0F80        	mov a,128
 489  0050  0680     E  	andm a,ra
 489  0051  1E00     E  	snz ra
 489  0052  2800     R  	jmp _L44
 491  0053              #line 491 "D:\WORK\Project\Github\Holtel-MCU\Code\HT66FM5440\110V_hbridge\bdc_control.c"
 491  0053  0700     R  	mov a,___cnt_10ms_2774[0]
 491  0054  0080     E  	mov ra,a
 491  0055  1480     E  	inc ra
 491  0056  0700     E  	mov a,ra
 491  0057  0080     R  	mov ___cnt_10ms_2774[0],a
 491  0058  0700     R  	mov a,___cnt_10ms_2774[0]
 491  0059  0080     E  	mov ra,a
 491  005A  0F0A        	mov a,10
 491  005B  0200     E  	sub a,ra
 491  005C  3C0A        	sz c
 491  005D  2800     R  	jmp _L50
 493  005E              #line 493 "D:\WORK\Project\Github\Holtel-MCU\Code\HT66FM5440\110V_hbridge\bdc_control.c"
 493  005E  1F00     R  	clr ___cnt_10ms_2774[0]
 494  005F              #line 494 "D:\WORK\Project\Github\Holtel-MCU\Code\HT66FM5440\110V_hbridge\bdc_control.c"
 494  005F  3000     R  	set _f_10ms
 494  0060              _L50:
 497  0060              #line 497 "D:\WORK\Project\Github\Holtel-MCU\Code\HT66FM5440\110V_hbridge\bdc_control.c"
 497  0060  0700     R  	mov a,___cnt_200ms_2775[0]
 497  0061  0080     E  	mov ra,a
 497  0062  1480     E  	inc ra
 497  0063  0700     E  	mov a,ra
 497  0064  0080     R  	mov ___cnt_200ms_2775[0],a
 497  0065  0700     R  	mov a,___cnt_200ms_2775[0]
 497  0066  0080     E  	mov ra,a
 497  0067  0FC8        	mov a,200
 497  0068  0200     E  	sub a,ra
 497  0069  3C0A        	sz c
 497  006A  2800     R  	jmp _L51
 499  006B              #line 499 "D:\WORK\Project\Github\Holtel-MCU\Code\HT66FM5440\110V_hbridge\bdc_control.c"
 499  006B  1F00     R  	clr ___cnt_200ms_2775[0]
 500  006C              #line 500 "D:\WORK\Project\Github\Holtel-MCU\Code\HT66FM5440\110V_hbridge\bdc_control.c"
 500  006C  3000     R  	set _f_200ms
 500  006D              _L51:
 503  006D              #line 503 "D:\WORK\Project\Github\Holtel-MCU\Code\HT66FM5440\110V_hbridge\bdc_control.c"
 503  006D  37A0        	clr [32].7
 503  006E              _L44:
 503  006E  0700     E  	mov a,r2
 503  006F  008A        	mov status,a
 503  0070  0700     E  	mov a,r3
 503  0071  0083        	mov mp,a
 503  0072  0700     E  	mov a,r4
 503  0073  0084        	mov sbp,a
 503  0074  0700     E  	mov a,r1
 503  0075  0004        	reti
"File: bdc_control.c  Assembler  Version HGASM0202      Page 25

 503  0076              _ISR_TimeBase_Uart endp
 503  0076              
 503  0076              #line 503 "D:\WORK\Project\Github\Holtel-MCU\Code\HT66FM5440\110V_hbridge\bdc_control.c"
 503  0076              #pragma debug scope 1 1
 503  0076              public _ua_outchar
 503  0076              #pragma debug scope 24 1
 537  0076              #line 537 "D:\WORK\Project\Github\Holtel-MCU\Code\HT66FM5440\110V_hbridge\bdc_control.c"
 537  0000              _ua_outchar .section 'code'
 537  0000              _ua_outchar proc
 537  0000  0002[           local _ua_outchar_2 db 2 dup(?)	; 0,2
            00
            ]
 537  0000  0080     R  	mov _ua_outchar_2[1],a
 537  0001              #pragma debug variable 7 24 _ua_outchar_2+1 "c"
 537  0001              #pragma debug variable 8 24 _ua_outchar_2+0 "errcnt"
 538  0001              #line 538 "D:\WORK\Project\Github\Holtel-MCU\Code\HT66FM5440\110V_hbridge\bdc_control.c"
 538  0001  1F00     R  	clr _ua_outchar_2[0]
 538  0002              _L57:
 542  0002              #line 542 "D:\WORK\Project\Github\Holtel-MCU\Code\HT66FM5440\110V_hbridge\bdc_control.c"
 542  0002  0700     R  	mov a,_ua_outchar_2[0]
 542  0003  0080     E  	mov ra,a
 542  0004  1400     E  	inca ra
 542  0005  0080     R  	mov _ua_outchar_2[0],a
 542  0006  1600     E  	siza ra
 542  0007  2800     R  	jmp _L53
 543  0008              #line 543 "D:\WORK\Project\Github\Holtel-MCU\Code\HT66FM5440\110V_hbridge\bdc_control.c"
 543  0008  0F01        	mov a,1
 543  0009  0080     E  	mov ra,a
 543  000A  2800     R  	jmp _L54
 543  000B              _L53:
 545  000B              #line 545 "D:\WORK\Project\Github\Holtel-MCU\Code\HT66FM5440\110V_hbridge\bdc_control.c"
 545  000B  076D        	mov a,[109]
 545  000C  0080     E  	mov ra,a
 545  000D  0F01        	mov a,1
 545  000E  0680     E  	andm a,ra
 545  000F  1E00     E  	snz ra
 545  0010  2800     R  	jmp _L55
 546  0011              #line 546 "D:\WORK\Project\Github\Holtel-MCU\Code\HT66FM5440\110V_hbridge\bdc_control.c"
 546  0011              	;nop
 551  0011              #line 551 "D:\WORK\Project\Github\Holtel-MCU\Code\HT66FM5440\110V_hbridge\bdc_control.c"
 551  0011  0700     R  	mov a,_ua_outchar_2[1]
 551  0012  0080     E  	mov ra,a
 551  0013  0700     E  	mov a,ra
 551  0014  00F1        	mov [113],a
 552  0015              #line 552 "D:\WORK\Project\Github\Holtel-MCU\Code\HT66FM5440\110V_hbridge\bdc_control.c"
 552  0015  1F00     E  	clr ra
 552  0016  2800     R  	jmp _L54
 552  0017              _L55:
 548  0017              #line 548 "D:\WORK\Project\Github\Holtel-MCU\Code\HT66FM5440\110V_hbridge\bdc_control.c"
 548  0017              ;# 548 "D:\WORK\Project\Github\Holtel-MCU\Code\HT66FM5440\110V_hbridge\bdc_control.c" 1
 548  0017  0001        	clr wdt
 549  0018              #line 549 "D:\WORK\Project\Github\Holtel-MCU\Code\HT66FM5440\110V_hbridge\bdc_control.c"
 549  0018  2800     R  	jmp _L57
 549  0019              _L54:
 553  0019              #line 553 "D:\WORK\Project\Github\Holtel-MCU\Code\HT66FM5440\110V_hbridge\bdc_control.c"
 553  0019  0700     E  	mov a,ra
 553  001A  0003        	ret
 553  001B              _ua_outchar endp
 553  001B              #line 553 "D:\WORK\Project\Github\Holtel-MCU\Code\HT66FM5440\110V_hbridge\bdc_control.c"
 553  001B              #pragma debug scope 1 1
"File: bdc_control.c  Assembler  Version HGASM0202      Page 26

 553  001B              public _print_byte
 553  001B              #pragma debug scope 25 1
 556  001B              #line 556 "D:\WORK\Project\Github\Holtel-MCU\Code\HT66FM5440\110V_hbridge\bdc_control.c"
 556  0000              _print_byte .section 'code'
 556  0000              _print_byte proc
 556  0000  00              local _print_byte_2 db 1 dup(?)	; 0,1
 556  0000  0080     R  	mov _print_byte_2[0],a
 556  0001              #pragma debug variable 8 25 _print_byte_2+0 "b"
 557  0001              #line 557 "D:\WORK\Project\Github\Holtel-MCU\Code\HT66FM5440\110V_hbridge\bdc_control.c"
 557  0001  1100     R  	swapa _print_byte_2[0]
 557  0002  0E0F        	and a,0fh
 557  0003  0080     E  	mov ra,a
 557  0004  1F00     E  	clr rb
 557  0005  0F00     R  	mov a,low offset _ascii
 557  0006  0380     E  	addm a,ra
 557  0007  0F00     R  	mov a,high offset _ascii
 557  0008  1380     E  	adcm a,rb
 557  0009  0700     E  	mov a,ra
 557  000A  0083        	mov mp,a
 557  000B  0700     E  	mov a,rb
 557  000C  0084        	mov sbp,a
 557  000D  2000     E  	call _Crom2Prom
 557  000E  0080     E  	mov ra,a
 557  000F  0700     E  	mov a,ra
 557  0010  2000     R  	call _ua_outchar
 558  0011              #line 558 "D:\WORK\Project\Github\Holtel-MCU\Code\HT66FM5440\110V_hbridge\bdc_control.c"
 558  0011  0700     R  	mov a,_print_byte_2[0]
 558  0012  0080     E  	mov ra,a
 558  0013  1F00     E  	clr rb
 558  0014  0F0F        	mov a,15  
 558  0015  0680     E  	andm a,ra  
 558  0016  0F00        	mov a,0  
 558  0017  0680     E  	andm a,rb
 558  0018  0F00     R  	mov a,low offset _ascii
 558  0019  0380     E  	addm a,ra
 558  001A  0F00     R  	mov a,high offset _ascii
 558  001B  1380     E  	adcm a,rb
 558  001C  0700     E  	mov a,ra
 558  001D  0083        	mov mp,a
 558  001E  0700     E  	mov a,rb
 558  001F  0084        	mov sbp,a
 558  0020  2000     E  	call _Crom2Prom
 558  0021  0080     E  	mov ra,a
 558  0022  0700     E  	mov a,ra
 558  0023  2000     R  	call _ua_outchar
 558  0024  0003        	ret
 558  0025              _print_byte endp
 558  0025              #line 558 "D:\WORK\Project\Github\Holtel-MCU\Code\HT66FM5440\110V_hbridge\bdc_control.c"
 558  0025              #pragma debug scope 1 1
 558  0025              public _print_string
 558  0025              #pragma debug scope 26 1
 562  0025              #line 562 "D:\WORK\Project\Github\Holtel-MCU\Code\HT66FM5440\110V_hbridge\bdc_control.c"
 562  0000              _print_string .section 'code'
 562  0000              _print_string proc
 562  0000              public _print_string_2
 562  0000  0002[           local _print_string_2 db 2 dup(?)	; 2,0
            00
            ]
 562  0002              #pragma debug pointer 44 7 26
 562  0002              #pragma debug pointer 44 7 26
"File: bdc_control.c  Assembler  Version HGASM0202      Page 27

 562  0002              #pragma debug variable 44 26 _print_string_2+0 "s"
 563  0002              #line 563 "D:\WORK\Project\Github\Holtel-MCU\Code\HT66FM5440\110V_hbridge\bdc_control.c"
 563  0000  2800     R  	jmp _L60
 563  0001              _L62:
 565  0001              #line 565 "D:\WORK\Project\Github\Holtel-MCU\Code\HT66FM5440\110V_hbridge\bdc_control.c"
 565  0001  0700     R  	mov a,_print_string_2[0]
 565  0002  0080     E  	mov ra,a
 565  0003  0700     R  	mov a,_print_string_2[1]
 565  0004  0080     E  	mov rb,a
 565  0005  0700     E  	mov a,ra
 565  0006  0083        	mov mp,a
 565  0007  0700     E  	mov a,rb
 565  0008  0084        	mov sbp,a
 565  0009  2000     E  	call _Crom2Prom
 565  000A  0080     E  	mov ra,a
 565  000B  0700     E  	mov a,ra
 565  000C  0A0A        	sub a,10
 565  000D  390A        	snz z
 565  000E  2800     R  	jmp _L61
 566  000F              #line 566 "D:\WORK\Project\Github\Holtel-MCU\Code\HT66FM5440\110V_hbridge\bdc_control.c"
 566  000F  0F0D        	mov a,13
 566  0010  2000     R  	call _ua_outchar
 566  0011              _L61:
 567  0011              #line 567 "D:\WORK\Project\Github\Holtel-MCU\Code\HT66FM5440\110V_hbridge\bdc_control.c"
 567  0011  0700     R  	mov a,_print_string_2[0]
 567  0012  0080     E  	mov ra,a
 567  0013  0700     R  	mov a,_print_string_2[1]
 567  0014  0080     E  	mov rb,a
 567  0015  0700     E  	mov a,ra
 567  0016  0083        	mov mp,a
 567  0017  0700     E  	mov a,rb
 567  0018  0084        	mov sbp,a
 567  0019  2000     E  	call _Crom2Prom
 567  001A  0080     E  	mov ra,a
 567  001B  0700     E  	mov a,ra
 567  001C  2000     R  	call _ua_outchar
 568  001D              #line 568 "D:\WORK\Project\Github\Holtel-MCU\Code\HT66FM5440\110V_hbridge\bdc_control.c"
 568  001D  1480     R  	inc _print_string_2[0]
 568  001E  3D0A        	sz z
 568  001F  1480     R  	inc _print_string_2[1]
 568  0020              _L60:
 563  0020              #line 563 "D:\WORK\Project\Github\Holtel-MCU\Code\HT66FM5440\110V_hbridge\bdc_control.c"
 563  0020  0700     R  	mov a,_print_string_2[0]
 563  0021  0080     E  	mov ra,a
 563  0022  0700     R  	mov a,_print_string_2[1]
 563  0023  0080     E  	mov rb,a
 563  0024  0700     E  	mov a,ra
 563  0025  0083        	mov mp,a
 563  0026  0700     E  	mov a,rb
 563  0027  0084        	mov sbp,a
 563  0028  2000     E  	call _Crom2Prom
 563  0029  0080     E  	mov ra,a
 563  002A  1080     E  	sz ra
 563  002B  2800     R  	jmp _L62
 563  002C  0003        	ret
 563  002D              _print_string endp
 563  002D              #line 563 "D:\WORK\Project\Github\Holtel-MCU\Code\HT66FM5440\110V_hbridge\bdc_control.c"
 563  002D              #pragma debug scope 1 1
 563  0000              @HCCINIT	.section 'data'
 460  0000              #line 460 "D:\WORK\Project\Github\Holtel-MCU\Code\HT66FM5440\110V_hbridge\bdc_control.c"
"File: bdc_control.c  Assembler  Version HGASM0202      Page 28

 460  0000              @HCCINIT___cnt_10ms_2774 .section 'data'
 460  0000              ___cnt_10ms_2774 label byte
 460  0000              #pragma debug variable 8 23 ___cnt_10ms_2774 "cnt_10ms"
 460  0000              	db 0
 460  0003              @ROMDATA_BASE .section inpage 'code'
 460  0003              	db 0
 460  0001              @HCCINIT___cnt_10ms_2774 .section 'data'
 460  0001              #line 460 "D:\WORK\Project\Github\Holtel-MCU\Code\HT66FM5440\110V_hbridge\bdc_control.c"
 460  0000              @HCCINIT___cnt_200ms_2775 .section 'data'
 460  0000              ___cnt_200ms_2775 label byte
 460  0000              #pragma debug variable 8 23 ___cnt_200ms_2775 "cnt_200ms"
 460  0000              	db 0
 460  0004              @ROMDATA_BASE .section inpage 'code'
 460  0004              	db 0
 460  0001              @HCCINIT___cnt_200ms_2775 .section 'data'
 460  0001              #pragma debug struct_end
 460  0001              #pragma debug struct_end
 460  0001              #pragma debug union_end
 460  0001              #pragma debug union_end
 460  0001              #pragma debug variable 46 1 ___intc0 "__intc0" 1
 460  0001              #pragma debug struct_end
 460  0001              #pragma debug struct_end
 460  0001              #pragma debug union_end
 460  0001              #pragma debug union_end
 460  0001              #pragma debug variable 48 1 ___intc3 "__intc3" 1
 460  0001              #pragma debug struct_end
 460  0001              #pragma debug struct_end
 460  0001              #pragma debug union_end
 460  0001              #pragma debug union_end
 460  0001              #pragma debug variable 50 1 ___mfi1 "__mfi1" 1
 460  0001              #pragma debug struct_end
 460  0001              #pragma debug struct_end
 460  0001              #pragma debug union_end
 460  0001              #pragma debug union_end
 460  0001              #pragma debug variable 52 1 ___mfi2 "__mfi2" 1
 460  0001              #pragma debug struct_end
 460  0001              #pragma debug struct_end
 460  0001              #pragma debug union_end
 460  0001              #pragma debug union_end
 460  0001              #pragma debug variable 54 1 ___mfi7 "__mfi7" 1
 460  0001              #pragma debug struct_end
 460  0001              #pragma debug struct_end
 460  0001              #pragma debug union_end
 460  0001              #pragma debug union_end
 460  0001              #pragma debug variable 56 1 ___papu "__papu" 1
 460  0001              #pragma debug struct_end
 460  0001              #pragma debug struct_end
 460  0001              #pragma debug union_end
 460  0001              #pragma debug union_end
 460  0001              #pragma debug variable 58 1 ___pa "__pa" 1
 460  0001              #pragma debug struct_end
 460  0001              #pragma debug struct_end
 460  0001              #pragma debug union_end
 460  0001              #pragma debug union_end
 460  0001              #pragma debug variable 60 1 ___pac "__pac" 1
 460  0001              #pragma debug struct_end
 460  0001              #pragma debug struct_end
 460  0001              #pragma debug union_end
 460  0001              #pragma debug union_end
 460  0001              #pragma debug variable 62 1 ___pbpu "__pbpu" 1
"File: bdc_control.c  Assembler  Version HGASM0202      Page 29

 460  0001              #pragma debug struct_end
 460  0001              #pragma debug struct_end
 460  0001              #pragma debug union_end
 460  0001              #pragma debug union_end
 460  0001              #pragma debug variable 64 1 ___pb "__pb" 1
 460  0001              #pragma debug struct_end
 460  0001              #pragma debug struct_end
 460  0001              #pragma debug union_end
 460  0001              #pragma debug union_end
 460  0001              #pragma debug variable 66 1 ___pbc "__pbc" 1
 460  0001              #pragma debug struct_end
 460  0001              #pragma debug struct_end
 460  0001              #pragma debug union_end
 460  0001              #pragma debug union_end
 460  0001              #pragma debug variable 68 1 ___pc "__pc" 1
 460  0001              #pragma debug struct_end
 460  0001              #pragma debug struct_end
 460  0001              #pragma debug union_end
 460  0001              #pragma debug union_end
 460  0001              #pragma debug variable 70 1 ___pcc "__pcc" 1
 460  0001              #pragma debug struct_end
 460  0001              #pragma debug struct_end
 460  0001              #pragma debug union_end
 460  0001              #pragma debug union_end
 460  0001              #pragma debug variable 72 1 ___adcr0 "__adcr0" 1
 460  0001              #pragma debug struct_end
 460  0001              #pragma debug struct_end
 460  0001              #pragma debug union_end
 460  0001              #pragma debug union_end
 460  0001              #pragma debug variable 74 1 ___adcr1 "__adcr1" 1
 460  0001              #pragma debug struct_end
 460  0001              #pragma debug struct_end
 460  0001              #pragma debug union_end
 460  0001              #pragma debug union_end
 460  0001              #pragma debug variable 76 1 ___adcr2 "__adcr2" 1
 460  0001              #pragma debug variable 8 1 ___addl "__addl" 1
 460  0001              #pragma debug struct_end
 460  0001              #pragma debug struct_end
 460  0001              #pragma debug union_end
 460  0001              #pragma debug union_end
 460  0001              #pragma debug variable 78 1 ___pbps1 "__pbps1" 1
 460  0001              #pragma debug struct_end
 460  0001              #pragma debug struct_end
 460  0001              #pragma debug union_end
 460  0001              #pragma debug union_end
 460  0001              #pragma debug variable 80 1 ___ocps "__ocps" 1
 460  0001              #pragma debug struct_end
 460  0001              #pragma debug struct_end
 460  0001              #pragma debug union_end
 460  0001              #pragma debug union_end
 460  0001              #pragma debug variable 82 1 ___mptc1 "__mptc1" 1
 460  0001              #pragma debug struct_end
 460  0001              #pragma debug struct_end
 460  0001              #pragma debug union_end
 460  0001              #pragma debug union_end
 460  0001              #pragma debug variable 84 1 ___mptc2 "__mptc2" 1
 460  0001              #pragma debug struct_end
 460  0001              #pragma debug struct_end
 460  0001              #pragma debug union_end
 460  0001              #pragma debug union_end
"File: bdc_control.c  Assembler  Version HGASM0202      Page 30

 460  0001              #pragma debug variable 86 1 ___pwmc "__pwmc" 1
 460  0001              #pragma debug variable 8 1 ___dutr0l "__dutr0l" 1
 460  0001              #pragma debug variable 8 1 ___dutr0h "__dutr0h" 1
 460  0001              #pragma debug variable 8 1 ___prdrl "__prdrl" 1
 460  0001              #pragma debug variable 8 1 ___prdrh "__prdrh" 1
 460  0001              #pragma debug struct_end
 460  0001              #pragma debug struct_end
 460  0001              #pragma debug union_end
 460  0001              #pragma debug union_end
 460  0001              #pragma debug variable 88 1 ___pwmme "__pwmme" 1
 460  0001              #pragma debug struct_end
 460  0001              #pragma debug struct_end
 460  0001              #pragma debug union_end
 460  0001              #pragma debug union_end
 460  0001              #pragma debug variable 90 1 ___pwmmd "__pwmmd" 1
 460  0001              #pragma debug struct_end
 460  0001              #pragma debug struct_end
 460  0001              #pragma debug union_end
 460  0001              #pragma debug union_end
 460  0001              #pragma debug variable 92 1 ___mcf "__mcf" 1
 460  0001              #pragma debug struct_end
 460  0001              #pragma debug struct_end
 460  0001              #pragma debug union_end
 460  0001              #pragma debug union_end
 460  0001              #pragma debug variable 94 1 ___plc "__plc" 1
 460  0001              #pragma debug struct_end
 460  0001              #pragma debug struct_end
 460  0001              #pragma debug union_end
 460  0001              #pragma debug union_end
 460  0001              #pragma debug variable 96 1 ___usr "__usr" 1
 460  0001              #pragma debug struct_end
 460  0001              #pragma debug struct_end
 460  0001              #pragma debug union_end
 460  0001              #pragma debug union_end
 460  0001              #pragma debug variable 98 1 ___ucr1 "__ucr1" 1
 460  0001              #pragma debug struct_end
 460  0001              #pragma debug struct_end
 460  0001              #pragma debug union_end
 460  0001              #pragma debug union_end
 460  0001              #pragma debug variable 100 1 ___ucr2 "__ucr2" 1
 460  0001              #pragma debug struct_end
 460  0001              #pragma debug struct_end
 460  0001              #pragma debug union_end
 460  0001              #pragma debug union_end
 460  0001              #pragma debug variable 102 1 ___brg "__brg" 1
 460  0001              #pragma debug struct_end
 460  0001              #pragma debug struct_end
 460  0001              #pragma debug union_end
 460  0001              #pragma debug union_end
 460  0001              #pragma debug variable 104 1 ___txr_rxr "__txr_rxr" 1
 460  0001              #pragma debug struct_end
 460  0001              #pragma debug struct_end
 460  0001              #pragma debug union_end
 460  0001              #pragma debug union_end
 460  0001              #pragma debug variable 106 1 ___tbc "__tbc" 1
 460  0001              #pragma debug struct_end
 460  0001              #pragma debug struct_end
 460  0001              #pragma debug union_end
 460  0001              #pragma debug union_end
 460  0001              #pragma debug variable 108 1 ___adbyps "__adbyps" 1
"File: bdc_control.c  Assembler  Version HGASM0202      Page 31

 460  0001              #pragma debug struct_end
 460  0001              #pragma debug struct_end
 460  0001              #pragma debug union_end
 460  0001              #pragma debug union_end
 460  0001              #pragma debug variable 110 1 ___adcr3 "__adcr3" 1
 460  0001              #pragma debug struct_end
 460  0001              #pragma debug struct_end
 460  0001              #pragma debug union_end
 460  0001              #pragma debug union_end
 460  0001              #pragma debug variable 112 1 ___pwmcs "__pwmcs" 1
 460  0001              #pragma debug struct_end
 460  0001              #pragma debug struct_end
 460  0001              #pragma debug union_end
 460  0001              #pragma debug union_end
 460  0001              #pragma debug variable 114 1 ___paps0 "__paps0" 1
 460  0001              #pragma debug struct_end
 460  0001              #pragma debug struct_end
 460  0001              #pragma debug union_end
 460  0001              #pragma debug union_end
 460  0001              #pragma debug variable 116 1 ___paps1 "__paps1" 1
 460  0001              #pragma debug struct_end
 460  0001              #pragma debug struct_end
 460  0001              #pragma debug union_end
 460  0001              #pragma debug union_end
 460  0001              #pragma debug variable 118 1 ___pcps0 "__pcps0" 1
 460  0001              #pragma debug struct_end
 460  0001              #pragma debug struct_end
 460  0001              #pragma debug union_end
 460  0001              #pragma debug union_end
 460  0001              #pragma debug variable 120 1 ___pcps1 "__pcps1" 1
 460  0001              #pragma debug struct_end
 460  0001              #pragma debug struct_end
 460  0001              #pragma debug union_end
 460  0001              #pragma debug union_end
 460  0001              #pragma debug variable 122 1 ___pdps0 "__pdps0" 1
 460  0001              extern r1:byte
 460  0001              extern r2:byte
 460  0001              extern r3:byte
 460  0001              extern r4:byte
  89  0001              #line 89 "D:\WORK\Project\Github\Holtel-MCU\Code\HT66FM5440\110V_hbridge\bdc_control.c"
  89  0000              @code .section at 0 'code'
  89  0000  2800     R  	jmp _main_startup1
  89  0001              
  89  0001              
  89  0001              ; 
  89  0001              ; Generated by holtek-gcc v3.19, Thu Sep 12 19:03:14 2019
  89  0001              ; Rebuild 718
  89  0001              ; end of file


        0 Errors, 0