"File: Interrupt.c   Assembler  Version HGASM0202      Page 1


   1  0000              ; Generated by holtek-gcc v3.12, Mon Jul 14 17:33:31 2014
   2  0000              ; 
   3  0000              ; Configuration:
   4  0000              ;       without long instruction
   5  0000              ;       Single ROM, Multi-RAM
   6  0000              ;       bits_per_rom_unit:16
   7  0000              ;       with mp1
   8  0000              ;       with tbhp, address(0x9)
   9  0000              ;          Use tabrd-const
  10  0000              ;       
  11  0000              ;       
  12  0000              ; use 'tabrdc' instread of 'tabrd'
  13  0000              ;       
  14  0000              
  15  0000              #pragma translator "holtek-gcc 4.6.4" "3.12" "build 20130711"
  16  0000              ; Rebuild 68
  17  0000              
  18  0000              ir equ [2]
  19  0000              mp equ [3]
  20  0000              sbp equ [1]
  21  0000              acc equ [5]
  22  0000              bp equ [4]
  23  0000              tblp equ [7]
  24  0000              tbhp equ [9]
  25  0000              status equ [10]
  26  0000              c equ [10].0
  27  0000              ac equ [10].1
  28  0000              z equ [10].2
  29  0000              ov equ [10].3
  30  0000              intc equ [11]
  31  0000              
  32  0000              extern ra:byte
  33  0000              extern rb:byte
  34  0000              extern rc:byte
  35  0000              extern rd:byte
  36  0000              extern re:byte
  37  0000              extern rf:byte
  38  0000              extern rg:byte
  39  0000              extern rh:byte
  40  0000              extern _Crom2Prom:near
  41  0000              extern _Crom2PromNext:near
  42  0000              
  43  0000              RAMBANK 0 @HCCINIT, @HCCINIT0
  44  0000              @HCCINIT	.section 'data'
  45  0000              @HCCINIT0	.section 'data'
  46  0000              
  47  0000              #pragma debug scope 1 1
  48  0000              public _ISR_TIMER1
  49  0000              #pragma debug scope 2 1

  10  0000              #line 10 "F:\Project\Code\PTMExampleCode\Interrupt.c"
  10  0000              @ISR_TIMER1_code .section at 44 'code'
  10  0000  0080     R  	mov _ISR_TIMER1fs[0],a
  10  0001  0704        	mov a, bp
  10  0002  0080     R  	mov _ISR_TIMER1fs[1],a
  10  0003  2800     R  	jmp _ISR_TIMER1
  10  0004              @dummy44 endp
  10  0004              
  10  0000              _ISR_TIMER1 .section 'code'
"File: Interrupt.c   Assembler  Version HGASM0202      Page 2

  10  0000              _ISR_TIMER1 proc
  10  0000              public _ISR_TIMER1fs
  10  0000  0003[       local _ISR_TIMER1fs db 3 dup(?)
            00
            ]
  10  0000  070A        	mov a, status
  10  0001  0080     R  	mov _ISR_TIMER1fs[2],a
  12  0002              #line 12 "F:\Project\Code\PTMExampleCode\Interrupt.c"
  12  0002  369A        	clr [26].5
  13  0003              #line 13 "F:\Project\Code\PTMExampleCode\Interrupt.c"
  13  0003  361A        	clr [26].4
  15  0004              #line 15 "F:\Project\Code\PTMExampleCode\Interrupt.c"
  15  0004  1F00     E  	clr ra
  15  0005  3B1E        	snz [30].6
  15  0006  3000     E  	set ra.6
  15  0007  371E        	clr [30].6
  15  0008  0700     E  	mov a,ra
  15  0009  059E        	orm a,[30]
  21  000A              #line 21 "F:\Project\Code\PTMExampleCode\Interrupt.c"
  21  000A  074C        	mov a,[76]
  21  000B  0080     E  	mov rc,a
  21  000C  1F00     E  	clr rb
  21  000D  074B        	mov a,[75]
  21  000E  0580     E  	orm a,rb
  21  000F  0700     E  	mov a,rb
  21  0010  0080     E  	mov _CatchCnt[0],a
  21  0011  0700     E  	mov a,rc
  21  0012  0080     E  	mov _CatchCnt[1],a
  28  0013              #line 28 "F:\Project\Code\PTMExampleCode\Interrupt.c"
  28  0013  0700     E  	mov a,rb
  28  0014  0200     E  	sub a,_PrevCatchCnt[0]
  28  0015  0080     E  	mov rd,a
  28  0016  0700     E  	mov a,rc
  28  0017  1200     E  	sbc a,_PrevCatchCnt[1]
  28  0018  0080     E  	mov re,a
  28  0019  0700     E  	mov a,rd
  28  001A  0080     E  	mov _TimeCnt[0],a
  28  001B  0700     E  	mov a,re
  28  001C  0080     E  	mov _TimeCnt[1],a
  30  001D              #line 30 "F:\Project\Code\PTMExampleCode\Interrupt.c"
  30  001D  0700     E  	mov a,rb
  30  001E  0080     E  	mov _PrevCatchCnt[0],a
  30  001F  0700     E  	mov a,rc
  30  0020  0080     E  	mov _PrevCatchCnt[1],a
  30  0021  0700     R  	mov a,_ISR_TIMER1fs[1]
  30  0022  0084        	mov bp,a
  30  0023  0700     R  	mov a,_ISR_TIMER1fs[2]
  30  0024  008A        	mov status,a
  30  0025  0700     R  	mov a,_ISR_TIMER1fs[0]
  30  0026  0004        	reti
  30  0027              _ISR_TIMER1 endp
  30  0027              
  30  0027              #line 30 "F:\Project\Code\PTMExampleCode\Interrupt.c"
  30  0027              #pragma debug scope 1 1
  30  0027              ___mfi5 equ [01ah]
  30  0027              #pragma debug struct_end
  30  0027              #pragma debug struct_end
  30  0027              #pragma debug union_end
  30  0027              #pragma debug union_end
  30  0027              #pragma debug variable 43 1 [01ah] "__mfi5" 1
"File: Interrupt.c   Assembler  Version HGASM0202      Page 3

  30  0027              ___pa equ [01eh]
  30  0027              #pragma debug struct_end
  30  0027              #pragma debug struct_end
  30  0027              #pragma debug union_end
  30  0027              #pragma debug union_end
  30  0027              #pragma debug variable 45 1 [01eh] "__pa" 1
  30  0027              ___ptm1al equ [04bh]
  30  0027              #pragma debug variable 8 1 [04bh] "__ptm1al" 1
  30  0027              ___ptm1ah equ [04ch]
  30  0027              #pragma debug variable 8 1 [04ch] "__ptm1ah" 1
  30  0027              
  30  0027              ; output external variables
  30  0027              extern _TimeCnt:byte
  30  0027              extern _PrevCatchCnt:byte
  30  0027              extern _CatchCnt:byte
  30  0027              
  30  0027              ; 
  30  0027              ; Generated by holtek-gcc v3.12, Mon Jul 14 17:33:31 2014
  30  0027              ; Rebuild 68
  30  0027              ; end of file


        0 Errors, 0